181203 11:53:18 [Note] Plugin 'FEDERATED' is disabled.
181203 11:53:18 InnoDB: The InnoDB memory heap is disabled
181203 11:53:18 InnoDB: Mutexes and rw_locks use Windows interlocked functions
181203 11:53:18 InnoDB: Compressed tables use zlib 1.2.3
181203 11:53:18 InnoDB: Initializing buffer pool, size = 128.0M
181203 11:53:18 InnoDB: Completed initialization of buffer pool
InnoDB: The first specified data file C:\Users\mcc12068703\Documents\neueda-springboot-2018\usbwebserver\USBWebserver v8.5\8.5\mysql\data\ibdata1 did not exist:
InnoDB: a new database to be created!
181203 11:53:18  InnoDB: Setting file C:\Users\mcc12068703\Documents\neueda-springboot-2018\usbwebserver\USBWebserver v8.5\8.5\mysql\data\ibdata1 size to 10 MB
InnoDB: Database physically writes the file full: wait...
181203 11:53:19  InnoDB: Log file C:\Users\mcc12068703\Documents\neueda-springboot-2018\usbwebserver\USBWebserver v8.5\8.5\mysql\data\ib_logfile0 did not exist: new to be created
InnoDB: Setting log file C:\Users\mcc12068703\Documents\neueda-springboot-2018\usbwebserver\USBWebserver v8.5\8.5\mysql\data\ib_logfile0 size to 5 MB
InnoDB: Database physically writes the file full: wait...
181203 11:53:19  InnoDB: Log file C:\Users\mcc12068703\Documents\neueda-springboot-2018\usbwebserver\USBWebserver v8.5\8.5\mysql\data\ib_logfile1 did not exist: new to be created
InnoDB: Setting log file C:\Users\mcc12068703\Documents\neueda-springboot-2018\usbwebserver\USBWebserver v8.5\8.5\mysql\data\ib_logfile1 size to 5 MB
InnoDB: Database physically writes the file full: wait...
InnoDB: Doublewrite buffer not found: creating new
InnoDB: Doublewrite buffer created
InnoDB: 127 rollback segment(s) active.
InnoDB: Creating foreign key constraint system tables
InnoDB: Foreign key constraint system tables created
181203 11:53:20  InnoDB: Waiting for the background threads to start
181203 11:53:21 InnoDB: 1.1.8 started; log sequence number 0
181203 12:17:52 [Note] Plugin 'FEDERATED' is disabled.
181203 12:17:52 InnoDB: The InnoDB memory heap is disabled
181203 12:17:52 InnoDB: Mutexes and rw_locks use Windows interlocked functions
181203 12:17:52 InnoDB: Compressed tables use zlib 1.2.3
181203 12:17:52 InnoDB: Initializing buffer pool, size = 128.0M
181203 12:17:52 InnoDB: Completed initialization of buffer pool
181203 12:17:52 InnoDB: highest supported file format is Barracuda.
InnoDB: The log sequence number in ibdata files does not match
InnoDB: the log sequence number in the ib_logfiles!
181203 12:17:52  InnoDB: Database was not shut down normally!
InnoDB: Starting crash recovery.
InnoDB: Reading tablespace information from the .ibd files...
InnoDB: Restoring possible half-written data pages from the doublewrite
InnoDB: buffer...
181203 12:17:53  InnoDB: Waiting for the background threads to start
181203 12:17:54 InnoDB: 1.1.8 started; log sequence number 1595675
181203 12:18:28 [Note] Plugin 'FEDERATED' is disabled.
181203 12:18:28 InnoDB: The InnoDB memory heap is disabled
181203 12:18:28 InnoDB: Mutexes and rw_locks use Windows interlocked functions
181203 12:18:28 InnoDB: Compressed tables use zlib 1.2.3
181203 12:18:28 InnoDB: Initializing buffer pool, size = 128.0M
181203 12:18:28 InnoDB: Completed initialization of buffer pool
181203 12:18:28 InnoDB: highest supported file format is Barracuda.
InnoDB: The log sequence number in ibdata files does not match
InnoDB: the log sequence number in the ib_logfiles!
181203 12:18:28  InnoDB: Database was not shut down normally!
InnoDB: Starting crash recovery.
InnoDB: Reading tablespace information from the .ibd files...
InnoDB: Restoring possible half-written data pages from the doublewrite
InnoDB: buffer...
181203 12:18:29  InnoDB: Waiting for the background threads to start
181203 12:18:30 InnoDB: 1.1.8 started; log sequence number 1595675
181204  9:27:59 [Note] Plugin 'FEDERATED' is disabled.
181204  9:27:59 InnoDB: The InnoDB memory heap is disabled
181204  9:27:59 InnoDB: Mutexes and rw_locks use Windows interlocked functions
181204  9:27:59 InnoDB: Compressed tables use zlib 1.2.3
181204  9:27:59 InnoDB: Initializing buffer pool, size = 128.0M
181204  9:27:59 InnoDB: Completed initialization of buffer pool
181204  9:27:59 InnoDB: highest supported file format is Barracuda.
InnoDB: The log sequence number in ibdata files does not match
InnoDB: the log sequence number in the ib_logfiles!
181204  9:27:59  InnoDB: Database was not shut down normally!
InnoDB: Starting crash recovery.
InnoDB: Reading tablespace information from the .ibd files...
InnoDB: Restoring possible half-written data pages from the doublewrite
InnoDB: buffer...
181204  9:28:00  InnoDB: Waiting for the background threads to start
181204  9:28:01 InnoDB: 1.1.8 started; log sequence number 1595675
181205  9:22:11 [Note] Plugin 'FEDERATED' is disabled.
181205  9:22:11 InnoDB: The InnoDB memory heap is disabled
181205  9:22:11 InnoDB: Mutexes and rw_locks use Windows interlocked functions
181205  9:22:11 InnoDB: Compressed tables use zlib 1.2.3
181205  9:22:11 InnoDB: Initializing buffer pool, size = 128.0M
181205  9:22:11 InnoDB: Completed initialization of buffer pool
181205  9:22:11 InnoDB: highest supported file format is Barracuda.
InnoDB: The log sequence number in ibdata files does not match
InnoDB: the log sequence number in the ib_logfiles!
181205  9:22:11  InnoDB: Database was not shut down normally!
InnoDB: Starting crash recovery.
InnoDB: Reading tablespace information from the .ibd files...
InnoDB: Restoring possible half-written data pages from the doublewrite
InnoDB: buffer...
181205  9:22:12  InnoDB: Waiting for the background threads to start
181205  9:22:13 InnoDB: 1.1.8 started; log sequence number 1595675
181206  9:24:34 [Note] Plugin 'FEDERATED' is disabled.
181206  9:24:34 InnoDB: The InnoDB memory heap is disabled
181206  9:24:34 InnoDB: Mutexes and rw_locks use Windows interlocked functions
181206  9:24:34 InnoDB: Compressed tables use zlib 1.2.3
181206  9:24:34 InnoDB: Initializing buffer pool, size = 128.0M
181206  9:24:34 InnoDB: Completed initialization of buffer pool
181206  9:24:35 InnoDB: highest supported file format is Barracuda.
InnoDB: The log sequence number in ibdata files does not match
InnoDB: the log sequence number in the ib_logfiles!
181206  9:24:35  InnoDB: Database was not shut down normally!
InnoDB: Starting crash recovery.
InnoDB: Reading tablespace information from the .ibd files...
InnoDB: Restoring possible half-written data pages from the doublewrite
InnoDB: buffer...
181206  9:24:36  InnoDB: Waiting for the background threads to start
181206  9:24:37 InnoDB: 1.1.8 started; log sequence number 1595675
181210 11:21:22 [Note] Plugin 'FEDERATED' is disabled.
181210 11:21:23 InnoDB: The InnoDB memory heap is disabled
181210 11:21:23 InnoDB: Mutexes and rw_locks use Windows interlocked functions
181210 11:21:23 InnoDB: Compressed tables use zlib 1.2.3
181210 11:21:23 InnoDB: Initializing buffer pool, size = 128.0M
181210 11:21:23 InnoDB: Completed initialization of buffer pool
181210 11:21:23 InnoDB: highest supported file format is Barracuda.
InnoDB: The log sequence number in ibdata files does not match
InnoDB: the log sequence number in the ib_logfiles!
181210 11:21:23  InnoDB: Database was not shut down normally!
InnoDB: Starting crash recovery.
InnoDB: Reading tablespace information from the .ibd files...
InnoDB: Restoring possible half-written data pages from the doublewrite
InnoDB: buffer...
181210 11:21:25  InnoDB: Waiting for the background threads to start
181210 11:21:26 InnoDB: 1.1.8 started; log sequence number 1794499
181210 13:55:40 [Note] Plugin 'FEDERATED' is disabled.
181210 13:55:40 InnoDB: The InnoDB memory heap is disabled
181210 13:55:40 InnoDB: Mutexes and rw_locks use Windows interlocked functions
181210 13:55:40 InnoDB: Compressed tables use zlib 1.2.3
181210 13:55:40 InnoDB: Initializing buffer pool, size = 128.0M
181210 13:55:40 InnoDB: Completed initialization of buffer pool
181210 13:55:40 InnoDB: highest supported file format is Barracuda.
InnoDB: The log sequence number in ibdata files does not match
InnoDB: the log sequence number in the ib_logfiles!
181210 13:55:40  InnoDB: Database was not shut down normally!
InnoDB: Starting crash recovery.
InnoDB: Reading tablespace information from the .ibd files...
InnoDB: Restoring possible half-written data pages from the doublewrite
InnoDB: buffer...
181210 13:55:40  InnoDB: Waiting for the background threads to start
181210 13:55:41 InnoDB: 1.1.8 started; log sequence number 1794499
181211 10:08:47 [Note] Plugin 'FEDERATED' is disabled.
181211 10:08:47 InnoDB: The InnoDB memory heap is disabled
181211 10:08:47 InnoDB: Mutexes and rw_locks use Windows interlocked functions
181211 10:08:47 InnoDB: Compressed tables use zlib 1.2.3
181211 10:08:47 InnoDB: Initializing buffer pool, size = 128.0M
181211 10:08:47 InnoDB: Completed initialization of buffer pool
181211 10:08:48 InnoDB: highest supported file format is Barracuda.
InnoDB: The log sequence number in ibdata files does not match
InnoDB: the log sequence number in the ib_logfiles!
181211 10:08:48  InnoDB: Database was not shut down normally!
InnoDB: Starting crash recovery.
InnoDB: Reading tablespace information from the .ibd files...
InnoDB: Restoring possible half-written data pages from the doublewrite
InnoDB: buffer...
181211 10:09:00  InnoDB: Waiting for the background threads to start
181211 10:09:01 InnoDB: 1.1.8 started; log sequence number 1794499
