2018-12-03 11:46:45,814 [Worker-1: Loading available Gradle versions] INFO  c.g.t.t.d.PublishedGradleVersions - Gradle version information cache is up-to-date. Trying to read.
2018-12-03 11:47:43,685 [Worker-0: Update Maven projects configuration] INFO  o.e.m.c.i.p.ProjectConfigurationManager - Update started
2018-12-03 11:47:50,559 [Worker-0: Update Maven projects configuration] INFO  o.e.m.c.i.l.LifecycleMappingFactory - Using org.eclipse.m2e.jdt.JarLifecycleMapping lifecycle mapping for MavenProject: uk.ac.belfastmet:04-01-SpringBootDwarfs:0.0.1-SNAPSHOT @ C:\Users\mcc12068703\Documents\neueda-springboot-2018\04-01-SpringBootDwarfs\pom.xml.
2018-12-03 11:47:56,701 [Worker-7: Building workspace] INFO  o.e.m.c.i.l.LifecycleMappingFactory - Using org.eclipse.m2e.jdt.JarLifecycleMapping lifecycle mapping for MavenProject: uk.ac.belfastmet:01-01-HelloSpringBoot:0.0.1-SNAPSHOT @ C:\Users\mcc12068703\Documents\neueda-springboot-2018\01-01-HelloSpringBoot\pom.xml.
2018-12-03 11:47:58,740 [Worker-7: Building workspace] INFO  o.e.m.c.i.embedder.EclipseLogger - Using 'UTF-8' encoding to copy filtered resources.
2018-12-03 11:47:58,752 [Worker-7: Building workspace] INFO  o.e.m.c.i.embedder.EclipseLogger - Copying 1 resource
2018-12-03 11:47:58,795 [Worker-7: Building workspace] INFO  o.e.m.c.i.embedder.EclipseLogger - Copying 0 resource
2018-12-03 11:47:58,800 [Worker-7: Building workspace] INFO  o.e.m.c.i.embedder.EclipseLogger - Using 'UTF-8' encoding to copy filtered resources.
2018-12-03 11:47:58,800 [Worker-7: Building workspace] INFO  o.e.m.c.i.embedder.EclipseLogger - skip non existing resourceDirectory C:\Users\mcc12068703\Documents\neueda-springboot-2018\01-01-HelloSpringBoot\src\test\resources
2018-12-03 11:47:59,484 [Worker-0: Update Maven projects configuration] INFO  o.e.m.j.i.AbstractJavaProjectConfigurator - Adding source folder /04-01-SpringBootDwarfs/src/main/java
2018-12-03 11:47:59,485 [Worker-0: Update Maven projects configuration] INFO  o.e.m.j.i.AbstractJavaProjectConfigurator - Adding resource folder /04-01-SpringBootDwarfs/src/main/resources
2018-12-03 11:47:59,509 [Worker-0: Update Maven projects configuration] INFO  o.e.m.j.i.AbstractJavaProjectConfigurator - Adding resource folder /04-01-SpringBootDwarfs/src/main/resources
2018-12-03 11:47:59,531 [Worker-0: Update Maven projects configuration] INFO  o.e.m.j.i.AbstractJavaProjectConfigurator - Adding source folder /04-01-SpringBootDwarfs/src/test/java
2018-12-03 11:48:02,930 [Worker-0: Update Maven projects configuration] INFO  o.e.m.c.i.p.ProjectConfigurationManager - Update completed: 19 sec
2018-12-03 11:48:02,933 [Worker-0: Update Maven projects configuration] INFO  o.e.m.c.i.p.ProjectConfigurationManager - Update started
2018-12-03 11:48:05,152 [Worker-0: Update Maven projects configuration] INFO  o.e.m.c.i.l.LifecycleMappingFactory - Using org.eclipse.m2e.jdt.JarLifecycleMapping lifecycle mapping for MavenProject: uk.ac.belfastmet:01-01-HelloSpringBoot:0.0.1-SNAPSHOT @ C:\Users\mcc12068703\Documents\neueda-springboot-2018\01-01-HelloSpringBoot\pom.xml.
2018-12-03 11:48:05,846 [Worker-0: Update Maven projects configuration] INFO  o.e.m.c.i.l.LifecycleMappingFactory - Using org.eclipse.m2e.jdt.JarLifecycleMapping lifecycle mapping for MavenProject: ac.uk.belfastmet:ToyShrek:0.0.1-SNAPSHOT @ C:\Users\mcc12068703\Documents\neueda-springboot-2018\ToyShrek\pom.xml.
2018-12-03 11:48:06,346 [Worker-0: Update Maven projects configuration] INFO  o.e.m.c.i.l.LifecycleMappingFactory - Using org.eclipse.m2e.jdt.JarLifecycleMapping lifecycle mapping for MavenProject: uk.ac.belfastmet:LargestBuildings:0.0.1-SNAPSHOT @ C:\Users\mcc12068703\Documents\neueda-springboot-2018\LargestBuildings\pom.xml.
2018-12-03 11:48:06,846 [Worker-0: Update Maven projects configuration] INFO  o.e.m.c.i.l.LifecycleMappingFactory - Using org.eclipse.m2e.jdt.JarLifecycleMapping lifecycle mapping for MavenProject: uk.ac.belfastmet:03-03-SBController:0.0.1-SNAPSHOT @ C:\Users\mcc12068703\Documents\neueda-springboot-2018\03-03-SBController\pom.xml.
2018-12-03 11:48:07,191 [Worker-0: Update Maven projects configuration] INFO  o.e.m.c.i.l.LifecycleMappingFactory - Using org.eclipse.m2e.jdt.JarLifecycleMapping lifecycle mapping for MavenProject: uk.ac.belfastmet:04-01-SpringBootDwarfs:0.0.1-SNAPSHOT @ C:\Users\mcc12068703\Documents\neueda-springboot-2018\04-01-SpringBootDwarfs\pom.xml.
2018-12-03 11:48:07,560 [Worker-0: Update Maven projects configuration] INFO  o.e.m.c.i.l.LifecycleMappingFactory - Using org.eclipse.m2e.jdt.JarLifecycleMapping lifecycle mapping for MavenProject: uk.ac.belfastmet:02-01-space:0.0.1-SNAPSHOT @ C:\Users\mcc12068703\Documents\neueda-springboot-2018\02-01-space\pom.xml.
2018-12-03 11:48:10,812 [Worker-0: Update Maven projects configuration] INFO  o.e.m.j.i.AbstractJavaProjectConfigurator - Adding source folder /01-01-HelloSpringBoot/src/main/java
2018-12-03 11:48:10,814 [Worker-0: Update Maven projects configuration] INFO  o.e.m.j.i.AbstractJavaProjectConfigurator - Adding resource folder /01-01-HelloSpringBoot/src/main/resources
2018-12-03 11:48:12,225 [Worker-0: Update Maven projects configuration] INFO  o.e.m.j.i.AbstractJavaProjectConfigurator - Adding resource folder /01-01-HelloSpringBoot/src/main/resources
2018-12-03 11:48:12,258 [Worker-0: Update Maven projects configuration] INFO  o.e.m.j.i.AbstractJavaProjectConfigurator - Adding source folder /01-01-HelloSpringBoot/src/test/java
2018-12-03 11:48:13,131 [Worker-0: Update Maven projects configuration] INFO  o.e.m.j.i.AbstractJavaProjectConfigurator - Adding source folder /ToyShrek/src/main/java
2018-12-03 11:48:13,132 [Worker-0: Update Maven projects configuration] INFO  o.e.m.j.i.AbstractJavaProjectConfigurator - Adding resource folder /ToyShrek/src/main/resources
2018-12-03 11:48:13,152 [Worker-0: Update Maven projects configuration] INFO  o.e.m.j.i.AbstractJavaProjectConfigurator - Adding resource folder /ToyShrek/src/main/resources
2018-12-03 11:48:13,180 [Worker-0: Update Maven projects configuration] INFO  o.e.m.j.i.AbstractJavaProjectConfigurator - Adding source folder /ToyShrek/src/test/java
2018-12-03 11:48:24,131 [Worker-0: Update Maven projects configuration] INFO  o.e.m.j.i.AbstractJavaProjectConfigurator - Adding source folder /LargestBuildings/src/main/java
2018-12-03 11:48:24,132 [Worker-0: Update Maven projects configuration] INFO  o.e.m.j.i.AbstractJavaProjectConfigurator - Adding resource folder /LargestBuildings/src/main/resources
2018-12-03 11:48:24,148 [Worker-0: Update Maven projects configuration] INFO  o.e.m.j.i.AbstractJavaProjectConfigurator - Adding resource folder /LargestBuildings/src/main/resources
2018-12-03 11:48:24,167 [Worker-0: Update Maven projects configuration] INFO  o.e.m.j.i.AbstractJavaProjectConfigurator - Adding source folder /LargestBuildings/src/test/java
2018-12-03 11:48:25,887 [Worker-0: Update Maven projects configuration] INFO  o.e.m.j.i.AbstractJavaProjectConfigurator - Adding source folder /03-03-SBController/src/main/java
2018-12-03 11:48:25,887 [Worker-0: Update Maven projects configuration] INFO  o.e.m.j.i.AbstractJavaProjectConfigurator - Adding resource folder /03-03-SBController/src/main/resources
2018-12-03 11:48:26,552 [Worker-0: Update Maven projects configuration] INFO  o.e.m.j.i.AbstractJavaProjectConfigurator - Adding resource folder /03-03-SBController/src/main/resources
2018-12-03 11:48:26,569 [Worker-0: Update Maven projects configuration] INFO  o.e.m.j.i.AbstractJavaProjectConfigurator - Adding source folder /03-03-SBController/src/test/java
2018-12-03 11:48:27,137 [Worker-0: Update Maven projects configuration] INFO  o.e.m.j.i.AbstractJavaProjectConfigurator - Adding source folder /04-01-SpringBootDwarfs/src/main/java
2018-12-03 11:48:27,139 [Worker-0: Update Maven projects configuration] INFO  o.e.m.j.i.AbstractJavaProjectConfigurator - Adding resource folder /04-01-SpringBootDwarfs/src/main/resources
2018-12-03 11:48:27,144 [Worker-0: Update Maven projects configuration] INFO  o.e.m.j.i.AbstractJavaProjectConfigurator - Adding resource folder /04-01-SpringBootDwarfs/src/main/resources
2018-12-03 11:48:27,155 [Worker-0: Update Maven projects configuration] INFO  o.e.m.j.i.AbstractJavaProjectConfigurator - Adding source folder /04-01-SpringBootDwarfs/src/test/java
2018-12-03 11:48:28,008 [Worker-0: Update Maven projects configuration] INFO  o.e.m.j.i.AbstractJavaProjectConfigurator - Adding source folder /02-01-space/src/main/java
2018-12-03 11:48:28,008 [Worker-0: Update Maven projects configuration] INFO  o.e.m.j.i.AbstractJavaProjectConfigurator - Adding resource folder /02-01-space/src/main/resources
2018-12-03 11:48:28,030 [Worker-0: Update Maven projects configuration] INFO  o.e.m.j.i.AbstractJavaProjectConfigurator - Adding resource folder /02-01-space/src/main/resources
2018-12-03 11:48:28,059 [Worker-0: Update Maven projects configuration] INFO  o.e.m.j.i.AbstractJavaProjectConfigurator - Adding source folder /02-01-space/src/test/java
2018-12-03 11:48:28,458 [Worker-0: Update Maven projects configuration] INFO  o.e.m.c.i.p.ProjectConfigurationManager - Update completed: 25 sec
2018-12-03 11:48:29,455 [Worker-8: Building workspace] INFO  o.e.m.c.i.embedder.EclipseLogger - Using 'UTF-8' encoding to copy filtered resources.
2018-12-03 11:48:29,465 [Worker-8: Building workspace] INFO  o.e.m.c.i.embedder.EclipseLogger - Copying 1 resource
2018-12-03 11:48:29,486 [Worker-8: Building workspace] INFO  o.e.m.c.i.embedder.EclipseLogger - Copying 0 resource
2018-12-03 11:48:29,495 [Worker-8: Building workspace] INFO  o.e.m.c.i.embedder.EclipseLogger - Using 'UTF-8' encoding to copy filtered resources.
2018-12-03 11:48:29,495 [Worker-8: Building workspace] INFO  o.e.m.c.i.embedder.EclipseLogger - skip non existing resourceDirectory C:\Users\mcc12068703\Documents\neueda-springboot-2018\01-01-HelloSpringBoot\src\test\resources
2018-12-03 11:48:30,297 [Worker-8: Building workspace] INFO  o.e.m.c.i.embedder.EclipseLogger - Using 'UTF-8' encoding to copy filtered resources.
2018-12-03 11:48:30,298 [Worker-8: Building workspace] INFO  o.e.m.c.i.embedder.EclipseLogger - Copying 1 resource
2018-12-03 11:48:30,302 [Worker-8: Building workspace] INFO  o.e.m.c.i.embedder.EclipseLogger - Copying 13 resources
2018-12-03 11:48:30,480 [Worker-8: Building workspace] INFO  o.e.m.c.i.embedder.EclipseLogger - Using 'UTF-8' encoding to copy filtered resources.
2018-12-03 11:48:30,480 [Worker-8: Building workspace] INFO  o.e.m.c.i.embedder.EclipseLogger - skip non existing resourceDirectory C:\Users\mcc12068703\Documents\neueda-springboot-2018\02-01-space\src\test\resources
2018-12-03 11:48:32,193 [Worker-8: Building workspace] INFO  o.e.m.c.i.embedder.EclipseLogger - Using 'UTF-8' encoding to copy filtered resources.
2018-12-03 11:48:32,194 [Worker-8: Building workspace] INFO  o.e.m.c.i.embedder.EclipseLogger - Copying 1 resource
2018-12-03 11:48:32,204 [Worker-8: Building workspace] INFO  o.e.m.c.i.embedder.EclipseLogger - Copying 0 resource
2018-12-03 11:48:32,209 [Worker-8: Building workspace] INFO  o.e.m.c.i.embedder.EclipseLogger - Using 'UTF-8' encoding to copy filtered resources.
2018-12-03 11:48:32,209 [Worker-8: Building workspace] INFO  o.e.m.c.i.embedder.EclipseLogger - skip non existing resourceDirectory C:\Users\mcc12068703\Documents\neueda-springboot-2018\03-03-SBController\src\test\resources
2018-12-03 11:48:35,648 [Worker-0: Building workspace] INFO  o.e.m.c.i.embedder.EclipseLogger - Using 'UTF-8' encoding to copy filtered resources.
2018-12-03 11:48:35,648 [Worker-0: Building workspace] INFO  o.e.m.c.i.embedder.EclipseLogger - Copying 1 resource
2018-12-03 11:48:35,651 [Worker-0: Building workspace] INFO  o.e.m.c.i.embedder.EclipseLogger - Copying 25 resources
2018-12-03 11:48:35,737 [Worker-0: Building workspace] INFO  o.e.m.c.i.embedder.EclipseLogger - Using 'UTF-8' encoding to copy filtered resources.
2018-12-03 11:48:35,737 [Worker-0: Building workspace] INFO  o.e.m.c.i.embedder.EclipseLogger - skip non existing resourceDirectory C:\Users\mcc12068703\Documents\neueda-springboot-2018\04-01-SpringBootDwarfs\src\test\resources
2018-12-03 11:48:36,894 [Worker-0: Building workspace] INFO  o.e.m.c.i.l.LifecycleMappingFactory - Using org.eclipse.m2e.jdt.JarLifecycleMapping lifecycle mapping for MavenProject: uk.ac.belfastmet:dwarfs:0.0.1-SNAPSHOT @ C:\Users\mcc12068703\Documents\neueda-springboot-2018\05-01-Dwarfs-Saved\pom.xml.
2018-12-03 11:48:38,475 [Worker-0: Building workspace] INFO  o.e.m.c.i.embedder.EclipseLogger - Using 'UTF-8' encoding to copy filtered resources.
2018-12-03 11:48:38,476 [Worker-0: Building workspace] INFO  o.e.m.c.i.embedder.EclipseLogger - Copying 1 resource
2018-12-03 11:48:38,478 [Worker-0: Building workspace] INFO  o.e.m.c.i.embedder.EclipseLogger - Copying 27 resources
2018-12-03 11:48:38,562 [Worker-0: Building workspace] INFO  o.e.m.c.i.embedder.EclipseLogger - Using 'UTF-8' encoding to copy filtered resources.
2018-12-03 11:48:38,562 [Worker-0: Building workspace] INFO  o.e.m.c.i.embedder.EclipseLogger - skip non existing resourceDirectory C:\Users\mcc12068703\Documents\neueda-springboot-2018\05-01-Dwarfs-Saved\src\test\resources
2018-12-03 11:48:41,486 [Worker-11: Building workspace] INFO  o.e.m.c.i.embedder.EclipseLogger - Using 'UTF-8' encoding to copy filtered resources.
2018-12-03 11:48:41,492 [Worker-11: Building workspace] INFO  o.e.m.c.i.embedder.EclipseLogger - Copying 1 resource
2018-12-03 11:48:41,499 [Worker-11: Building workspace] INFO  o.e.m.c.i.embedder.EclipseLogger - Copying 27 resources
2018-12-03 11:48:41,615 [Worker-11: Building workspace] INFO  o.e.m.c.i.embedder.EclipseLogger - Using 'UTF-8' encoding to copy filtered resources.
2018-12-03 11:48:41,615 [Worker-11: Building workspace] INFO  o.e.m.c.i.embedder.EclipseLogger - skip non existing resourceDirectory C:\Users\mcc12068703\Documents\neueda-springboot-2018\05-01-Dwarfs-Saved\src\test\resources
2018-12-03 11:48:41,880 [Worker-11: Building workspace] INFO  o.e.m.c.i.embedder.EclipseLogger - Using 'UTF-8' encoding to copy filtered resources.
2018-12-03 11:48:41,881 [Worker-11: Building workspace] INFO  o.e.m.c.i.embedder.EclipseLogger - Copying 1 resource
2018-12-03 11:48:41,883 [Worker-11: Building workspace] INFO  o.e.m.c.i.embedder.EclipseLogger - Copying 13 resources
2018-12-03 11:48:41,940 [Worker-11: Building workspace] INFO  o.e.m.c.i.embedder.EclipseLogger - Using 'UTF-8' encoding to copy filtered resources.
2018-12-03 11:48:41,940 [Worker-11: Building workspace] INFO  o.e.m.c.i.embedder.EclipseLogger - skip non existing resourceDirectory C:\Users\mcc12068703\Documents\neueda-springboot-2018\LargestBuildings\src\test\resources
2018-12-03 11:48:42,517 [Worker-8: Building workspace] INFO  o.e.m.c.i.embedder.EclipseLogger - Using 'UTF-8' encoding to copy filtered resources.
2018-12-03 11:48:42,518 [Worker-8: Building workspace] INFO  o.e.m.c.i.embedder.EclipseLogger - Copying 1 resource
2018-12-03 11:48:42,520 [Worker-8: Building workspace] INFO  o.e.m.c.i.embedder.EclipseLogger - Copying 7 resources
2018-12-03 11:48:42,559 [Worker-8: Building workspace] INFO  o.e.m.c.i.embedder.EclipseLogger - Using 'UTF-8' encoding to copy filtered resources.
2018-12-03 11:48:42,559 [Worker-8: Building workspace] INFO  o.e.m.c.i.embedder.EclipseLogger - skip non existing resourceDirectory C:\Users\mcc12068703\Documents\neueda-springboot-2018\ToyShrek\src\test\resources
2018-12-03 13:54:14,723 [Worker-27: Building workspace] INFO  o.e.m.c.i.embedder.EclipseLogger - Using 'UTF-8' encoding to copy filtered resources.
2018-12-03 13:54:14,729 [Worker-27: Building workspace] INFO  o.e.m.c.i.embedder.EclipseLogger - Copying 1 resource
2018-12-03 13:54:14,736 [Worker-27: Building workspace] INFO  o.e.m.c.i.embedder.EclipseLogger - Copying 27 resources
2018-12-03 13:54:14,750 [Worker-27: Building workspace] INFO  o.e.m.c.i.embedder.EclipseLogger - Using 'UTF-8' encoding to copy filtered resources.
2018-12-03 13:54:14,750 [Worker-27: Building workspace] INFO  o.e.m.c.i.embedder.EclipseLogger - skip non existing resourceDirectory C:\Users\mcc12068703\Documents\neueda-springboot-2018\05-01-Dwarfs-Saved\src\test\resources
2018-12-03 13:55:45,659 [Worker-22: Building workspace] INFO  o.e.m.c.i.embedder.EclipseLogger - Using 'UTF-8' encoding to copy filtered resources.
2018-12-03 13:55:45,666 [Worker-22: Building workspace] INFO  o.e.m.c.i.embedder.EclipseLogger - Copying 1 resource
2018-12-03 13:55:45,675 [Worker-22: Building workspace] INFO  o.e.m.c.i.embedder.EclipseLogger - Copying 27 resources
2018-12-03 13:55:45,685 [Worker-22: Building workspace] INFO  o.e.m.c.i.embedder.EclipseLogger - Using 'UTF-8' encoding to copy filtered resources.
2018-12-03 13:55:45,686 [Worker-22: Building workspace] INFO  o.e.m.c.i.embedder.EclipseLogger - skip non existing resourceDirectory C:\Users\mcc12068703\Documents\neueda-springboot-2018\05-01-Dwarfs-Saved\src\test\resources
2018-12-03 13:59:59,753 [Worker-22: Building workspace] INFO  o.e.m.c.i.embedder.EclipseLogger - Using 'UTF-8' encoding to copy filtered resources.
2018-12-03 13:59:59,763 [Worker-22: Building workspace] INFO  o.e.m.c.i.embedder.EclipseLogger - Copying 1 resource
2018-12-03 13:59:59,771 [Worker-22: Building workspace] INFO  o.e.m.c.i.embedder.EclipseLogger - Copying 27 resources
2018-12-03 13:59:59,781 [Worker-22: Building workspace] INFO  o.e.m.c.i.embedder.EclipseLogger - Using 'UTF-8' encoding to copy filtered resources.
2018-12-03 13:59:59,781 [Worker-22: Building workspace] INFO  o.e.m.c.i.embedder.EclipseLogger - skip non existing resourceDirectory C:\Users\mcc12068703\Documents\neueda-springboot-2018\05-01-Dwarfs-Saved\src\test\resources
2018-12-03 14:01:34,730 [Worker-29: Building workspace] INFO  o.e.m.c.i.embedder.EclipseLogger - Using 'UTF-8' encoding to copy filtered resources.
2018-12-03 14:01:34,736 [Worker-29: Building workspace] INFO  o.e.m.c.i.embedder.EclipseLogger - Copying 1 resource
2018-12-03 14:01:34,743 [Worker-29: Building workspace] INFO  o.e.m.c.i.embedder.EclipseLogger - Copying 27 resources
2018-12-03 14:01:34,753 [Worker-29: Building workspace] INFO  o.e.m.c.i.embedder.EclipseLogger - Using 'UTF-8' encoding to copy filtered resources.
2018-12-03 14:01:34,753 [Worker-29: Building workspace] INFO  o.e.m.c.i.embedder.EclipseLogger - skip non existing resourceDirectory C:\Users\mcc12068703\Documents\neueda-springboot-2018\05-01-Dwarfs-Saved\src\test\resources
2018-12-03 14:01:37,399 [Worker-30: Building workspace] INFO  o.e.m.c.i.embedder.EclipseLogger - Using 'UTF-8' encoding to copy filtered resources.
2018-12-03 14:01:37,405 [Worker-30: Building workspace] INFO  o.e.m.c.i.embedder.EclipseLogger - Copying 1 resource
2018-12-03 14:01:37,413 [Worker-30: Building workspace] INFO  o.e.m.c.i.embedder.EclipseLogger - Copying 27 resources
2018-12-03 14:01:37,422 [Worker-30: Building workspace] INFO  o.e.m.c.i.embedder.EclipseLogger - Using 'UTF-8' encoding to copy filtered resources.
2018-12-03 14:01:37,422 [Worker-30: Building workspace] INFO  o.e.m.c.i.embedder.EclipseLogger - skip non existing resourceDirectory C:\Users\mcc12068703\Documents\neueda-springboot-2018\05-01-Dwarfs-Saved\src\test\resources
2018-12-03 14:02:16,712 [Worker-29: Building workspace] INFO  o.e.m.c.i.embedder.EclipseLogger - Using 'UTF-8' encoding to copy filtered resources.
2018-12-03 14:02:16,719 [Worker-29: Building workspace] INFO  o.e.m.c.i.embedder.EclipseLogger - Copying 1 resource
2018-12-03 14:02:16,729 [Worker-29: Building workspace] INFO  o.e.m.c.i.embedder.EclipseLogger - Copying 27 resources
2018-12-03 14:02:16,745 [Worker-29: Building workspace] INFO  o.e.m.c.i.embedder.EclipseLogger - Using 'UTF-8' encoding to copy filtered resources.
2018-12-03 14:02:16,747 [Worker-29: Building workspace] INFO  o.e.m.c.i.embedder.EclipseLogger - skip non existing resourceDirectory C:\Users\mcc12068703\Documents\neueda-springboot-2018\05-01-Dwarfs-Saved\src\test\resources
2018-12-03 14:10:28,979 [Worker-27: Launching 05-01-Dwarfs-Saved - Application] INFO  o.e.m.c.i.embedder.EclipseLogger - Using 'UTF-8' encoding to copy filtered resources.
2018-12-03 14:10:28,980 [Worker-27: Launching 05-01-Dwarfs-Saved - Application] INFO  o.e.m.c.i.embedder.EclipseLogger - Copying 1 resource
2018-12-03 14:10:28,986 [Worker-27: Launching 05-01-Dwarfs-Saved - Application] INFO  o.e.m.c.i.embedder.EclipseLogger - Copying 0 resource
2018-12-03 14:10:28,993 [Worker-27: Launching 05-01-Dwarfs-Saved - Application] INFO  o.e.m.c.i.embedder.EclipseLogger - Using 'UTF-8' encoding to copy filtered resources.
2018-12-03 14:10:28,993 [Worker-27: Launching 05-01-Dwarfs-Saved - Application] INFO  o.e.m.c.i.embedder.EclipseLogger - skip non existing resourceDirectory C:\Users\mcc12068703\Documents\neueda-springboot-2018\05-01-Dwarfs-Saved\src\test\resources
2018-12-03 14:21:12,845 [Worker-32: Building workspace] INFO  o.e.m.c.i.embedder.EclipseLogger - Using 'UTF-8' encoding to copy filtered resources.
2018-12-03 14:21:12,852 [Worker-32: Building workspace] INFO  o.e.m.c.i.embedder.EclipseLogger - Copying 1 resource
2018-12-03 14:21:12,863 [Worker-32: Building workspace] INFO  o.e.m.c.i.embedder.EclipseLogger - Copying 27 resources
2018-12-03 14:21:12,874 [Worker-32: Building workspace] INFO  o.e.m.c.i.embedder.EclipseLogger - Using 'UTF-8' encoding to copy filtered resources.
2018-12-03 14:21:12,875 [Worker-32: Building workspace] INFO  o.e.m.c.i.embedder.EclipseLogger - skip non existing resourceDirectory C:\Users\mcc12068703\Documents\neueda-springboot-2018\05-01-Dwarfs-Saved\src\test\resources
2018-12-03 14:36:26,180 [Worker-33: Launching 05-01-Dwarfs-Saved - Application] INFO  o.e.m.c.i.embedder.EclipseLogger - Using 'UTF-8' encoding to copy filtered resources.
2018-12-03 14:36:26,190 [Worker-33: Launching 05-01-Dwarfs-Saved - Application] INFO  o.e.m.c.i.embedder.EclipseLogger - Copying 1 resource
2018-12-03 14:36:26,200 [Worker-33: Launching 05-01-Dwarfs-Saved - Application] INFO  o.e.m.c.i.embedder.EclipseLogger - Copying 28 resources
2018-12-03 14:36:26,213 [Worker-33: Launching 05-01-Dwarfs-Saved - Application] INFO  o.e.m.c.i.embedder.EclipseLogger - Using 'UTF-8' encoding to copy filtered resources.
2018-12-03 14:36:26,213 [Worker-33: Launching 05-01-Dwarfs-Saved - Application] INFO  o.e.m.c.i.embedder.EclipseLogger - skip non existing resourceDirectory C:\Users\mcc12068703\Documents\neueda-springboot-2018\05-01-Dwarfs-Saved\src\test\resources
2018-12-03 14:37:03,257 [Worker-31: Building workspace] INFO  o.e.m.c.i.embedder.EclipseLogger - Using 'UTF-8' encoding to copy filtered resources.
2018-12-03 14:37:03,264 [Worker-31: Building workspace] INFO  o.e.m.c.i.embedder.EclipseLogger - Copying 1 resource
2018-12-03 14:37:03,272 [Worker-31: Building workspace] INFO  o.e.m.c.i.embedder.EclipseLogger - Copying 28 resources
2018-12-03 14:37:03,283 [Worker-31: Building workspace] INFO  o.e.m.c.i.embedder.EclipseLogger - Using 'UTF-8' encoding to copy filtered resources.
2018-12-03 14:37:03,284 [Worker-31: Building workspace] INFO  o.e.m.c.i.embedder.EclipseLogger - skip non existing resourceDirectory C:\Users\mcc12068703\Documents\neueda-springboot-2018\05-01-Dwarfs-Saved\src\test\resources
2018-12-03 15:16:42,010 [Worker-36: Building workspace] INFO  o.e.m.c.i.embedder.EclipseLogger - Using 'UTF-8' encoding to copy filtered resources.
2018-12-03 15:16:42,020 [Worker-36: Building workspace] INFO  o.e.m.c.i.embedder.EclipseLogger - Copying 1 resource
2018-12-03 15:16:42,028 [Worker-36: Building workspace] INFO  o.e.m.c.i.embedder.EclipseLogger - Copying 28 resources
2018-12-03 15:16:42,076 [Worker-36: Building workspace] INFO  o.e.m.c.i.embedder.EclipseLogger - Using 'UTF-8' encoding to copy filtered resources.
2018-12-03 15:16:42,076 [Worker-36: Building workspace] INFO  o.e.m.c.i.embedder.EclipseLogger - skip non existing resourceDirectory C:\Users\mcc12068703\Documents\neueda-springboot-2018\05-01-Dwarfs-Saved\src\test\resources
2018-12-03 15:16:59,482 [Worker-37: Launching 05-01-Dwarfs-Saved - Application] INFO  o.e.m.c.i.embedder.EclipseLogger - Using 'UTF-8' encoding to copy filtered resources.
2018-12-03 15:16:59,492 [Worker-37: Launching 05-01-Dwarfs-Saved - Application] INFO  o.e.m.c.i.embedder.EclipseLogger - Copying 1 resource
2018-12-03 15:16:59,503 [Worker-37: Launching 05-01-Dwarfs-Saved - Application] INFO  o.e.m.c.i.embedder.EclipseLogger - Copying 28 resources
2018-12-03 15:16:59,512 [Worker-37: Launching 05-01-Dwarfs-Saved - Application] INFO  o.e.m.c.i.embedder.EclipseLogger - Using 'UTF-8' encoding to copy filtered resources.
2018-12-03 15:16:59,513 [Worker-37: Launching 05-01-Dwarfs-Saved - Application] INFO  o.e.m.c.i.embedder.EclipseLogger - skip non existing resourceDirectory C:\Users\mcc12068703\Documents\neueda-springboot-2018\05-01-Dwarfs-Saved\src\test\resources
2018-12-03 15:17:38,255 [Worker-31: Building workspace] INFO  o.e.m.c.i.embedder.EclipseLogger - Using 'UTF-8' encoding to copy filtered resources.
2018-12-03 15:17:38,263 [Worker-31: Building workspace] INFO  o.e.m.c.i.embedder.EclipseLogger - Copying 1 resource
2018-12-03 15:17:38,271 [Worker-31: Building workspace] INFO  o.e.m.c.i.embedder.EclipseLogger - Copying 28 resources
2018-12-03 15:17:38,279 [Worker-31: Building workspace] INFO  o.e.m.c.i.embedder.EclipseLogger - Using 'UTF-8' encoding to copy filtered resources.
2018-12-03 15:17:38,279 [Worker-31: Building workspace] INFO  o.e.m.c.i.embedder.EclipseLogger - skip non existing resourceDirectory C:\Users\mcc12068703\Documents\neueda-springboot-2018\05-01-Dwarfs-Saved\src\test\resources
2018-12-03 15:18:03,031 [Worker-37: Building workspace] INFO  o.e.m.c.i.embedder.EclipseLogger - Using 'UTF-8' encoding to copy filtered resources.
2018-12-03 15:18:03,037 [Worker-37: Building workspace] INFO  o.e.m.c.i.embedder.EclipseLogger - Copying 1 resource
2018-12-03 15:18:03,045 [Worker-37: Building workspace] INFO  o.e.m.c.i.embedder.EclipseLogger - Copying 28 resources
2018-12-03 15:18:03,052 [Worker-37: Building workspace] INFO  o.e.m.c.i.embedder.EclipseLogger - Using 'UTF-8' encoding to copy filtered resources.
2018-12-03 15:18:03,052 [Worker-37: Building workspace] INFO  o.e.m.c.i.embedder.EclipseLogger - skip non existing resourceDirectory C:\Users\mcc12068703\Documents\neueda-springboot-2018\05-01-Dwarfs-Saved\src\test\resources
2018-12-03 15:18:51,017 [Worker-33: Building workspace] INFO  o.e.m.c.i.embedder.EclipseLogger - Using 'UTF-8' encoding to copy filtered resources.
2018-12-03 15:18:51,026 [Worker-33: Building workspace] INFO  o.e.m.c.i.embedder.EclipseLogger - Copying 1 resource
2018-12-03 15:18:51,035 [Worker-33: Building workspace] INFO  o.e.m.c.i.embedder.EclipseLogger - Copying 28 resources
2018-12-03 15:18:51,045 [Worker-33: Building workspace] INFO  o.e.m.c.i.embedder.EclipseLogger - Using 'UTF-8' encoding to copy filtered resources.
2018-12-03 15:18:51,045 [Worker-33: Building workspace] INFO  o.e.m.c.i.embedder.EclipseLogger - skip non existing resourceDirectory C:\Users\mcc12068703\Documents\neueda-springboot-2018\05-01-Dwarfs-Saved\src\test\resources
2018-12-03 15:21:06,151 [Worker-38: Building workspace] INFO  o.e.m.c.i.embedder.EclipseLogger - Using 'UTF-8' encoding to copy filtered resources.
2018-12-03 15:21:06,159 [Worker-38: Building workspace] INFO  o.e.m.c.i.embedder.EclipseLogger - Copying 1 resource
2018-12-03 15:21:06,168 [Worker-38: Building workspace] INFO  o.e.m.c.i.embedder.EclipseLogger - Copying 28 resources
2018-12-03 15:21:06,176 [Worker-38: Building workspace] INFO  o.e.m.c.i.embedder.EclipseLogger - Using 'UTF-8' encoding to copy filtered resources.
2018-12-03 15:21:06,176 [Worker-38: Building workspace] INFO  o.e.m.c.i.embedder.EclipseLogger - skip non existing resourceDirectory C:\Users\mcc12068703\Documents\neueda-springboot-2018\05-01-Dwarfs-Saved\src\test\resources
2018-12-03 15:21:25,777 [Worker-31: Building workspace] INFO  o.e.m.c.i.embedder.EclipseLogger - Using 'UTF-8' encoding to copy filtered resources.
2018-12-03 15:21:25,783 [Worker-31: Building workspace] INFO  o.e.m.c.i.embedder.EclipseLogger - Copying 1 resource
2018-12-03 15:21:25,791 [Worker-31: Building workspace] INFO  o.e.m.c.i.embedder.EclipseLogger - Copying 28 resources
2018-12-03 15:21:25,799 [Worker-31: Building workspace] INFO  o.e.m.c.i.embedder.EclipseLogger - Using 'UTF-8' encoding to copy filtered resources.
2018-12-03 15:21:25,799 [Worker-31: Building workspace] INFO  o.e.m.c.i.embedder.EclipseLogger - skip non existing resourceDirectory C:\Users\mcc12068703\Documents\neueda-springboot-2018\05-01-Dwarfs-Saved\src\test\resources
2018-12-03 15:22:04,023 [Worker-29: Building workspace] INFO  o.e.m.c.i.embedder.EclipseLogger - Using 'UTF-8' encoding to copy filtered resources.
2018-12-03 15:22:04,031 [Worker-29: Building workspace] INFO  o.e.m.c.i.embedder.EclipseLogger - Copying 1 resource
2018-12-03 15:22:04,039 [Worker-29: Building workspace] INFO  o.e.m.c.i.embedder.EclipseLogger - Copying 28 resources
2018-12-03 15:22:04,049 [Worker-29: Building workspace] INFO  o.e.m.c.i.embedder.EclipseLogger - Using 'UTF-8' encoding to copy filtered resources.
2018-12-03 15:22:04,050 [Worker-29: Building workspace] INFO  o.e.m.c.i.embedder.EclipseLogger - skip non existing resourceDirectory C:\Users\mcc12068703\Documents\neueda-springboot-2018\05-01-Dwarfs-Saved\src\test\resources
2018-12-03 15:22:43,510 [Worker-2: Building workspace] INFO  o.e.m.c.i.embedder.EclipseLogger - Using 'UTF-8' encoding to copy filtered resources.
2018-12-03 15:22:43,517 [Worker-2: Building workspace] INFO  o.e.m.c.i.embedder.EclipseLogger - Copying 1 resource
2018-12-03 15:22:43,526 [Worker-2: Building workspace] INFO  o.e.m.c.i.embedder.EclipseLogger - Copying 28 resources
2018-12-03 15:22:43,543 [Worker-2: Building workspace] INFO  o.e.m.c.i.embedder.EclipseLogger - Using 'UTF-8' encoding to copy filtered resources.
2018-12-03 15:22:43,544 [Worker-2: Building workspace] INFO  o.e.m.c.i.embedder.EclipseLogger - skip non existing resourceDirectory C:\Users\mcc12068703\Documents\neueda-springboot-2018\05-01-Dwarfs-Saved\src\test\resources
2018-12-03 15:23:49,590 [Worker-33: Building workspace] INFO  o.e.m.c.i.embedder.EclipseLogger - Using 'UTF-8' encoding to copy filtered resources.
2018-12-03 15:23:49,596 [Worker-33: Building workspace] INFO  o.e.m.c.i.embedder.EclipseLogger - Copying 1 resource
2018-12-03 15:23:49,604 [Worker-33: Building workspace] INFO  o.e.m.c.i.embedder.EclipseLogger - Copying 28 resources
2018-12-03 15:23:49,613 [Worker-33: Building workspace] INFO  o.e.m.c.i.embedder.EclipseLogger - Using 'UTF-8' encoding to copy filtered resources.
2018-12-03 15:23:49,614 [Worker-33: Building workspace] INFO  o.e.m.c.i.embedder.EclipseLogger - skip non existing resourceDirectory C:\Users\mcc12068703\Documents\neueda-springboot-2018\05-01-Dwarfs-Saved\src\test\resources
2018-12-03 15:23:54,201 [Worker-31: Building workspace] INFO  o.e.m.c.i.embedder.EclipseLogger - Using 'UTF-8' encoding to copy filtered resources.
2018-12-03 15:23:54,206 [Worker-31: Building workspace] INFO  o.e.m.c.i.embedder.EclipseLogger - Copying 1 resource
2018-12-03 15:23:54,215 [Worker-31: Building workspace] INFO  o.e.m.c.i.embedder.EclipseLogger - Copying 28 resources
2018-12-03 15:23:54,221 [Worker-31: Building workspace] INFO  o.e.m.c.i.embedder.EclipseLogger - Using 'UTF-8' encoding to copy filtered resources.
2018-12-03 15:23:54,222 [Worker-31: Building workspace] INFO  o.e.m.c.i.embedder.EclipseLogger - skip non existing resourceDirectory C:\Users\mcc12068703\Documents\neueda-springboot-2018\05-01-Dwarfs-Saved\src\test\resources
2018-12-03 15:24:36,262 [Worker-29: Building workspace] INFO  o.e.m.c.i.embedder.EclipseLogger - Using 'UTF-8' encoding to copy filtered resources.
2018-12-03 15:24:36,268 [Worker-29: Building workspace] INFO  o.e.m.c.i.embedder.EclipseLogger - Copying 1 resource
2018-12-03 15:24:36,275 [Worker-29: Building workspace] INFO  o.e.m.c.i.embedder.EclipseLogger - Copying 28 resources
2018-12-03 15:24:36,284 [Worker-29: Building workspace] INFO  o.e.m.c.i.embedder.EclipseLogger - Using 'UTF-8' encoding to copy filtered resources.
2018-12-03 15:24:36,284 [Worker-29: Building workspace] INFO  o.e.m.c.i.embedder.EclipseLogger - skip non existing resourceDirectory C:\Users\mcc12068703\Documents\neueda-springboot-2018\05-01-Dwarfs-Saved\src\test\resources
2018-12-03 15:24:55,483 [Worker-2: Building workspace] INFO  o.e.m.c.i.embedder.EclipseLogger - Using 'UTF-8' encoding to copy filtered resources.
2018-12-03 15:24:55,497 [Worker-2: Building workspace] INFO  o.e.m.c.i.embedder.EclipseLogger - Copying 1 resource
2018-12-03 15:24:55,532 [Worker-2: Building workspace] INFO  o.e.m.c.i.embedder.EclipseLogger - Copying 28 resources
2018-12-03 15:24:55,544 [Worker-2: Building workspace] INFO  o.e.m.c.i.embedder.EclipseLogger - Using 'UTF-8' encoding to copy filtered resources.
2018-12-03 15:24:55,545 [Worker-2: Building workspace] INFO  o.e.m.c.i.embedder.EclipseLogger - skip non existing resourceDirectory C:\Users\mcc12068703\Documents\neueda-springboot-2018\05-01-Dwarfs-Saved\src\test\resources
2018-12-03 15:24:58,298 [Worker-29: Building workspace] INFO  o.e.m.c.i.embedder.EclipseLogger - Using 'UTF-8' encoding to copy filtered resources.
2018-12-03 15:24:58,299 [Worker-29: Building workspace] INFO  o.e.m.c.i.embedder.EclipseLogger - Copying 0 resource
2018-12-03 15:24:58,299 [Worker-29: Building workspace] INFO  o.e.m.c.i.embedder.EclipseLogger - Copying 1 resource
2018-12-03 15:24:58,377 [Worker-29: Building workspace] INFO  o.e.m.c.i.embedder.EclipseLogger - Using 'UTF-8' encoding to copy filtered resources.
2018-12-03 15:24:58,378 [Worker-29: Building workspace] INFO  o.e.m.c.i.embedder.EclipseLogger - skip non existing resourceDirectory C:\Users\mcc12068703\Documents\neueda-springboot-2018\05-01-Dwarfs-Saved\src\test\resources
2018-12-03 15:25:10,061 [Worker-35: Building workspace] INFO  o.e.m.c.i.embedder.EclipseLogger - Using 'UTF-8' encoding to copy filtered resources.
2018-12-03 15:25:10,070 [Worker-35: Building workspace] INFO  o.e.m.c.i.embedder.EclipseLogger - Copying 1 resource
2018-12-03 15:25:10,079 [Worker-35: Building workspace] INFO  o.e.m.c.i.embedder.EclipseLogger - Copying 28 resources
2018-12-03 15:25:10,089 [Worker-35: Building workspace] INFO  o.e.m.c.i.embedder.EclipseLogger - Using 'UTF-8' encoding to copy filtered resources.
2018-12-03 15:25:10,089 [Worker-35: Building workspace] INFO  o.e.m.c.i.embedder.EclipseLogger - skip non existing resourceDirectory C:\Users\mcc12068703\Documents\neueda-springboot-2018\05-01-Dwarfs-Saved\src\test\resources
2018-12-03 15:25:29,492 [Worker-29: Building workspace] INFO  o.e.m.c.i.embedder.EclipseLogger - Using 'UTF-8' encoding to copy filtered resources.
2018-12-03 15:25:29,500 [Worker-29: Building workspace] INFO  o.e.m.c.i.embedder.EclipseLogger - Copying 1 resource
2018-12-03 15:25:29,509 [Worker-29: Building workspace] INFO  o.e.m.c.i.embedder.EclipseLogger - Copying 28 resources
2018-12-03 15:25:29,520 [Worker-29: Building workspace] INFO  o.e.m.c.i.embedder.EclipseLogger - Using 'UTF-8' encoding to copy filtered resources.
2018-12-03 15:25:29,521 [Worker-29: Building workspace] INFO  o.e.m.c.i.embedder.EclipseLogger - skip non existing resourceDirectory C:\Users\mcc12068703\Documents\neueda-springboot-2018\05-01-Dwarfs-Saved\src\test\resources
2018-12-03 15:34:26,760 [Worker-31: Building workspace] INFO  o.e.m.c.i.embedder.EclipseLogger - Using 'UTF-8' encoding to copy filtered resources.
2018-12-03 15:34:26,769 [Worker-31: Building workspace] INFO  o.e.m.c.i.embedder.EclipseLogger - Copying 1 resource
2018-12-03 15:34:26,783 [Worker-31: Building workspace] INFO  o.e.m.c.i.embedder.EclipseLogger - Copying 28 resources
2018-12-03 15:34:26,793 [Worker-31: Building workspace] INFO  o.e.m.c.i.embedder.EclipseLogger - Using 'UTF-8' encoding to copy filtered resources.
2018-12-03 15:34:26,793 [Worker-31: Building workspace] INFO  o.e.m.c.i.embedder.EclipseLogger - skip non existing resourceDirectory C:\Users\mcc12068703\Documents\neueda-springboot-2018\05-01-Dwarfs-Saved\src\test\resources
2018-12-03 15:43:24,963 [Worker-33: Building workspace] INFO  o.e.m.c.i.embedder.EclipseLogger - Using 'UTF-8' encoding to copy filtered resources.
2018-12-03 15:43:24,963 [Worker-33: Building workspace] INFO  o.e.m.c.i.embedder.EclipseLogger - Copying 0 resource
2018-12-03 15:43:24,964 [Worker-33: Building workspace] INFO  o.e.m.c.i.embedder.EclipseLogger - Copying 1 resource
2018-12-03 15:43:24,969 [Worker-33: Building workspace] INFO  o.e.m.c.i.embedder.EclipseLogger - Using 'UTF-8' encoding to copy filtered resources.
2018-12-03 15:43:24,969 [Worker-33: Building workspace] INFO  o.e.m.c.i.embedder.EclipseLogger - skip non existing resourceDirectory C:\Users\mcc12068703\Documents\neueda-springboot-2018\05-01-Dwarfs-Saved\src\test\resources
2018-12-03 15:44:32,699 [Worker-33: Building workspace] INFO  o.e.m.c.i.embedder.EclipseLogger - Using 'UTF-8' encoding to copy filtered resources.
2018-12-03 15:44:32,699 [Worker-33: Building workspace] INFO  o.e.m.c.i.embedder.EclipseLogger - Copying 0 resource
2018-12-03 15:44:32,700 [Worker-33: Building workspace] INFO  o.e.m.c.i.embedder.EclipseLogger - Copying 1 resource
2018-12-03 15:44:32,704 [Worker-33: Building workspace] INFO  o.e.m.c.i.embedder.EclipseLogger - Using 'UTF-8' encoding to copy filtered resources.
2018-12-03 15:44:32,704 [Worker-33: Building workspace] INFO  o.e.m.c.i.embedder.EclipseLogger - skip non existing resourceDirectory C:\Users\mcc12068703\Documents\neueda-springboot-2018\05-01-Dwarfs-Saved\src\test\resources
2018-12-03 15:45:01,868 [Worker-37: Building workspace] INFO  o.e.m.c.i.embedder.EclipseLogger - Using 'UTF-8' encoding to copy filtered resources.
2018-12-03 15:45:01,869 [Worker-37: Building workspace] INFO  o.e.m.c.i.embedder.EclipseLogger - Copying 0 resource
2018-12-03 15:45:01,869 [Worker-37: Building workspace] INFO  o.e.m.c.i.embedder.EclipseLogger - Copying 1 resource
2018-12-03 15:45:01,875 [Worker-37: Building workspace] INFO  o.e.m.c.i.embedder.EclipseLogger - Using 'UTF-8' encoding to copy filtered resources.
2018-12-03 15:45:01,875 [Worker-37: Building workspace] INFO  o.e.m.c.i.embedder.EclipseLogger - skip non existing resourceDirectory C:\Users\mcc12068703\Documents\neueda-springboot-2018\05-01-Dwarfs-Saved\src\test\resources
2018-12-03 15:47:53,148 [Worker-31: Building workspace] INFO  o.e.m.c.i.embedder.EclipseLogger - Using 'UTF-8' encoding to copy filtered resources.
2018-12-03 15:47:53,148 [Worker-31: Building workspace] INFO  o.e.m.c.i.embedder.EclipseLogger - Copying 0 resource
2018-12-03 15:47:53,149 [Worker-31: Building workspace] INFO  o.e.m.c.i.embedder.EclipseLogger - Copying 1 resource
2018-12-03 15:47:53,154 [Worker-31: Building workspace] INFO  o.e.m.c.i.embedder.EclipseLogger - Using 'UTF-8' encoding to copy filtered resources.
2018-12-03 15:47:53,154 [Worker-31: Building workspace] INFO  o.e.m.c.i.embedder.EclipseLogger - skip non existing resourceDirectory C:\Users\mcc12068703\Documents\neueda-springboot-2018\05-01-Dwarfs-Saved\src\test\resources
2018-12-03 15:47:57,254 [Worker-31: Building workspace] INFO  o.e.m.c.i.embedder.EclipseLogger - Using 'UTF-8' encoding to copy filtered resources.
2018-12-03 15:47:57,261 [Worker-31: Building workspace] INFO  o.e.m.c.i.embedder.EclipseLogger - Copying 1 resource
2018-12-03 15:47:57,270 [Worker-31: Building workspace] INFO  o.e.m.c.i.embedder.EclipseLogger - Copying 28 resources
2018-12-03 15:47:57,282 [Worker-31: Building workspace] INFO  o.e.m.c.i.embedder.EclipseLogger - Using 'UTF-8' encoding to copy filtered resources.
2018-12-03 15:47:57,283 [Worker-31: Building workspace] INFO  o.e.m.c.i.embedder.EclipseLogger - skip non existing resourceDirectory C:\Users\mcc12068703\Documents\neueda-springboot-2018\05-01-Dwarfs-Saved\src\test\resources
2018-12-03 15:49:30,836 [Worker-33: Building workspace] INFO  o.e.m.c.i.embedder.EclipseLogger - Using 'UTF-8' encoding to copy filtered resources.
2018-12-03 15:49:30,837 [Worker-33: Building workspace] INFO  o.e.m.c.i.embedder.EclipseLogger - Copying 0 resource
2018-12-03 15:49:30,837 [Worker-33: Building workspace] INFO  o.e.m.c.i.embedder.EclipseLogger - Copying 1 resource
2018-12-03 15:49:30,842 [Worker-33: Building workspace] INFO  o.e.m.c.i.embedder.EclipseLogger - Using 'UTF-8' encoding to copy filtered resources.
2018-12-03 15:49:30,843 [Worker-33: Building workspace] INFO  o.e.m.c.i.embedder.EclipseLogger - skip non existing resourceDirectory C:\Users\mcc12068703\Documents\neueda-springboot-2018\05-01-Dwarfs-Saved\src\test\resources
2018-12-03 15:49:53,059 [Worker-31: Launching 05-01-Dwarfs-Saved - Application] INFO  o.e.m.c.i.embedder.EclipseLogger - Using 'UTF-8' encoding to copy filtered resources.
2018-12-03 15:49:53,059 [Worker-31: Launching 05-01-Dwarfs-Saved - Application] INFO  o.e.m.c.i.embedder.EclipseLogger - Copying 0 resource
2018-12-03 15:49:53,060 [Worker-31: Launching 05-01-Dwarfs-Saved - Application] INFO  o.e.m.c.i.embedder.EclipseLogger - Copying 1 resource
2018-12-03 15:49:53,068 [Worker-31: Launching 05-01-Dwarfs-Saved - Application] INFO  o.e.m.c.i.embedder.EclipseLogger - Using 'UTF-8' encoding to copy filtered resources.
2018-12-03 15:49:53,073 [Worker-31: Launching 05-01-Dwarfs-Saved - Application] INFO  o.e.m.c.i.embedder.EclipseLogger - skip non existing resourceDirectory C:\Users\mcc12068703\Documents\neueda-springboot-2018\05-01-Dwarfs-Saved\src\test\resources
2018-12-03 15:51:05,452 [Worker-37: Building workspace] INFO  o.e.m.c.i.embedder.EclipseLogger - Using 'UTF-8' encoding to copy filtered resources.
2018-12-03 15:51:05,453 [Worker-37: Building workspace] INFO  o.e.m.c.i.embedder.EclipseLogger - Copying 0 resource
2018-12-03 15:51:05,453 [Worker-37: Building workspace] INFO  o.e.m.c.i.embedder.EclipseLogger - Copying 1 resource
2018-12-03 15:51:05,458 [Worker-37: Building workspace] INFO  o.e.m.c.i.embedder.EclipseLogger - Using 'UTF-8' encoding to copy filtered resources.
2018-12-03 15:51:05,458 [Worker-37: Building workspace] INFO  o.e.m.c.i.embedder.EclipseLogger - skip non existing resourceDirectory C:\Users\mcc12068703\Documents\neueda-springboot-2018\05-01-Dwarfs-Saved\src\test\resources
2018-12-03 15:51:39,106 [Worker-41: Building workspace] INFO  o.e.m.c.i.embedder.EclipseLogger - Using 'UTF-8' encoding to copy filtered resources.
2018-12-03 15:51:39,106 [Worker-41: Building workspace] INFO  o.e.m.c.i.embedder.EclipseLogger - Copying 0 resource
2018-12-03 15:51:39,107 [Worker-41: Building workspace] INFO  o.e.m.c.i.embedder.EclipseLogger - Copying 1 resource
2018-12-03 15:51:39,114 [Worker-41: Building workspace] INFO  o.e.m.c.i.embedder.EclipseLogger - Using 'UTF-8' encoding to copy filtered resources.
2018-12-03 15:51:39,114 [Worker-41: Building workspace] INFO  o.e.m.c.i.embedder.EclipseLogger - skip non existing resourceDirectory C:\Users\mcc12068703\Documents\neueda-springboot-2018\05-01-Dwarfs-Saved\src\test\resources
2018-12-03 15:51:52,166 [Worker-31: Building workspace] INFO  o.e.m.c.i.embedder.EclipseLogger - Using 'UTF-8' encoding to copy filtered resources.
2018-12-03 15:51:52,167 [Worker-31: Building workspace] INFO  o.e.m.c.i.embedder.EclipseLogger - Copying 0 resource
2018-12-03 15:51:52,167 [Worker-31: Building workspace] INFO  o.e.m.c.i.embedder.EclipseLogger - Copying 1 resource
2018-12-03 15:51:52,173 [Worker-31: Building workspace] INFO  o.e.m.c.i.embedder.EclipseLogger - Using 'UTF-8' encoding to copy filtered resources.
2018-12-03 15:51:52,173 [Worker-31: Building workspace] INFO  o.e.m.c.i.embedder.EclipseLogger - skip non existing resourceDirectory C:\Users\mcc12068703\Documents\neueda-springboot-2018\05-01-Dwarfs-Saved\src\test\resources
2018-12-03 15:53:54,379 [Worker-31: Building workspace] INFO  o.e.m.c.i.embedder.EclipseLogger - Using 'UTF-8' encoding to copy filtered resources.
2018-12-03 15:53:54,380 [Worker-31: Building workspace] INFO  o.e.m.c.i.embedder.EclipseLogger - Copying 0 resource
2018-12-03 15:53:54,380 [Worker-31: Building workspace] INFO  o.e.m.c.i.embedder.EclipseLogger - Copying 1 resource
2018-12-03 15:53:54,386 [Worker-31: Building workspace] INFO  o.e.m.c.i.embedder.EclipseLogger - Using 'UTF-8' encoding to copy filtered resources.
2018-12-03 15:53:54,386 [Worker-31: Building workspace] INFO  o.e.m.c.i.embedder.EclipseLogger - skip non existing resourceDirectory C:\Users\mcc12068703\Documents\neueda-springboot-2018\05-01-Dwarfs-Saved\src\test\resources
2018-12-03 15:54:19,385 [Worker-35: Building workspace] INFO  o.e.m.c.i.embedder.EclipseLogger - Using 'UTF-8' encoding to copy filtered resources.
2018-12-03 15:54:19,386 [Worker-35: Building workspace] INFO  o.e.m.c.i.embedder.EclipseLogger - Copying 0 resource
2018-12-03 15:54:19,386 [Worker-35: Building workspace] INFO  o.e.m.c.i.embedder.EclipseLogger - Copying 1 resource
2018-12-03 15:54:19,391 [Worker-35: Building workspace] INFO  o.e.m.c.i.embedder.EclipseLogger - Using 'UTF-8' encoding to copy filtered resources.
2018-12-03 15:54:19,391 [Worker-35: Building workspace] INFO  o.e.m.c.i.embedder.EclipseLogger - skip non existing resourceDirectory C:\Users\mcc12068703\Documents\neueda-springboot-2018\05-01-Dwarfs-Saved\src\test\resources
2018-12-03 15:54:30,248 [Worker-41: Building workspace] INFO  o.e.m.c.i.embedder.EclipseLogger - Using 'UTF-8' encoding to copy filtered resources.
2018-12-03 15:54:30,249 [Worker-41: Building workspace] INFO  o.e.m.c.i.embedder.EclipseLogger - Copying 0 resource
2018-12-03 15:54:30,249 [Worker-41: Building workspace] INFO  o.e.m.c.i.embedder.EclipseLogger - Copying 1 resource
2018-12-03 15:54:30,255 [Worker-41: Building workspace] INFO  o.e.m.c.i.embedder.EclipseLogger - Using 'UTF-8' encoding to copy filtered resources.
2018-12-03 15:54:30,255 [Worker-41: Building workspace] INFO  o.e.m.c.i.embedder.EclipseLogger - skip non existing resourceDirectory C:\Users\mcc12068703\Documents\neueda-springboot-2018\05-01-Dwarfs-Saved\src\test\resources
2018-12-03 15:54:43,873 [Worker-31: Building workspace] INFO  o.e.m.c.i.embedder.EclipseLogger - Using 'UTF-8' encoding to copy filtered resources.
2018-12-03 15:54:43,874 [Worker-31: Building workspace] INFO  o.e.m.c.i.embedder.EclipseLogger - Copying 0 resource
2018-12-03 15:54:43,874 [Worker-31: Building workspace] INFO  o.e.m.c.i.embedder.EclipseLogger - Copying 1 resource
2018-12-03 15:54:43,880 [Worker-31: Building workspace] INFO  o.e.m.c.i.embedder.EclipseLogger - Using 'UTF-8' encoding to copy filtered resources.
2018-12-03 15:54:43,880 [Worker-31: Building workspace] INFO  o.e.m.c.i.embedder.EclipseLogger - skip non existing resourceDirectory C:\Users\mcc12068703\Documents\neueda-springboot-2018\05-01-Dwarfs-Saved\src\test\resources
2018-12-03 15:54:50,684 [Worker-35: Building workspace] INFO  o.e.m.c.i.embedder.EclipseLogger - Using 'UTF-8' encoding to copy filtered resources.
2018-12-03 15:54:50,685 [Worker-35: Building workspace] INFO  o.e.m.c.i.embedder.EclipseLogger - Copying 0 resource
2018-12-03 15:54:50,685 [Worker-35: Building workspace] INFO  o.e.m.c.i.embedder.EclipseLogger - Copying 1 resource
2018-12-03 15:54:50,691 [Worker-35: Building workspace] INFO  o.e.m.c.i.embedder.EclipseLogger - Using 'UTF-8' encoding to copy filtered resources.
2018-12-03 15:54:50,692 [Worker-35: Building workspace] INFO  o.e.m.c.i.embedder.EclipseLogger - skip non existing resourceDirectory C:\Users\mcc12068703\Documents\neueda-springboot-2018\05-01-Dwarfs-Saved\src\test\resources
2018-12-03 15:54:58,378 [Worker-2: Building workspace] INFO  o.e.m.c.i.embedder.EclipseLogger - Using 'UTF-8' encoding to copy filtered resources.
2018-12-03 15:54:58,378 [Worker-2: Building workspace] INFO  o.e.m.c.i.embedder.EclipseLogger - Copying 0 resource
2018-12-03 15:54:58,379 [Worker-2: Building workspace] INFO  o.e.m.c.i.embedder.EclipseLogger - Copying 1 resource
2018-12-03 15:54:58,385 [Worker-2: Building workspace] INFO  o.e.m.c.i.embedder.EclipseLogger - Using 'UTF-8' encoding to copy filtered resources.
2018-12-03 15:54:58,385 [Worker-2: Building workspace] INFO  o.e.m.c.i.embedder.EclipseLogger - skip non existing resourceDirectory C:\Users\mcc12068703\Documents\neueda-springboot-2018\05-01-Dwarfs-Saved\src\test\resources
2018-12-03 15:55:11,501 [Worker-2: Building workspace] INFO  o.e.m.c.i.embedder.EclipseLogger - Using 'UTF-8' encoding to copy filtered resources.
2018-12-03 15:55:11,502 [Worker-2: Building workspace] INFO  o.e.m.c.i.embedder.EclipseLogger - Copying 0 resource
2018-12-03 15:55:11,502 [Worker-2: Building workspace] INFO  o.e.m.c.i.embedder.EclipseLogger - Copying 1 resource
2018-12-03 15:55:11,508 [Worker-2: Building workspace] INFO  o.e.m.c.i.embedder.EclipseLogger - Using 'UTF-8' encoding to copy filtered resources.
2018-12-03 15:55:11,508 [Worker-2: Building workspace] INFO  o.e.m.c.i.embedder.EclipseLogger - skip non existing resourceDirectory C:\Users\mcc12068703\Documents\neueda-springboot-2018\05-01-Dwarfs-Saved\src\test\resources
2018-12-03 15:55:35,227 [Worker-2: Building workspace] INFO  o.e.m.c.i.embedder.EclipseLogger - Using 'UTF-8' encoding to copy filtered resources.
2018-12-03 15:55:35,228 [Worker-2: Building workspace] INFO  o.e.m.c.i.embedder.EclipseLogger - Copying 0 resource
2018-12-03 15:55:35,228 [Worker-2: Building workspace] INFO  o.e.m.c.i.embedder.EclipseLogger - Copying 1 resource
2018-12-03 15:55:35,233 [Worker-2: Building workspace] INFO  o.e.m.c.i.embedder.EclipseLogger - Using 'UTF-8' encoding to copy filtered resources.
2018-12-03 15:55:35,233 [Worker-2: Building workspace] INFO  o.e.m.c.i.embedder.EclipseLogger - skip non existing resourceDirectory C:\Users\mcc12068703\Documents\neueda-springboot-2018\05-01-Dwarfs-Saved\src\test\resources
2018-12-03 15:55:52,829 [Worker-2: Building workspace] INFO  o.e.m.c.i.embedder.EclipseLogger - Using 'UTF-8' encoding to copy filtered resources.
2018-12-03 15:55:52,830 [Worker-2: Building workspace] INFO  o.e.m.c.i.embedder.EclipseLogger - Copying 0 resource
2018-12-03 15:55:52,830 [Worker-2: Building workspace] INFO  o.e.m.c.i.embedder.EclipseLogger - Copying 1 resource
2018-12-03 15:55:52,836 [Worker-2: Building workspace] INFO  o.e.m.c.i.embedder.EclipseLogger - Using 'UTF-8' encoding to copy filtered resources.
2018-12-03 15:55:52,836 [Worker-2: Building workspace] INFO  o.e.m.c.i.embedder.EclipseLogger - skip non existing resourceDirectory C:\Users\mcc12068703\Documents\neueda-springboot-2018\05-01-Dwarfs-Saved\src\test\resources
2018-12-03 15:55:57,611 [Worker-2: Building workspace] INFO  o.e.m.c.i.embedder.EclipseLogger - Using 'UTF-8' encoding to copy filtered resources.
2018-12-03 15:55:57,612 [Worker-2: Building workspace] INFO  o.e.m.c.i.embedder.EclipseLogger - Copying 0 resource
2018-12-03 15:55:57,612 [Worker-2: Building workspace] INFO  o.e.m.c.i.embedder.EclipseLogger - Copying 1 resource
2018-12-03 15:55:57,618 [Worker-2: Building workspace] INFO  o.e.m.c.i.embedder.EclipseLogger - Using 'UTF-8' encoding to copy filtered resources.
2018-12-03 15:55:57,618 [Worker-2: Building workspace] INFO  o.e.m.c.i.embedder.EclipseLogger - skip non existing resourceDirectory C:\Users\mcc12068703\Documents\neueda-springboot-2018\05-01-Dwarfs-Saved\src\test\resources
2018-12-03 15:57:15,045 [Worker-41: Building workspace] INFO  o.e.m.c.i.embedder.EclipseLogger - Using 'UTF-8' encoding to copy filtered resources.
2018-12-03 15:57:15,046 [Worker-41: Building workspace] INFO  o.e.m.c.i.embedder.EclipseLogger - Copying 0 resource
2018-12-03 15:57:15,046 [Worker-41: Building workspace] INFO  o.e.m.c.i.embedder.EclipseLogger - Copying 1 resource
2018-12-03 15:57:15,052 [Worker-41: Building workspace] INFO  o.e.m.c.i.embedder.EclipseLogger - Using 'UTF-8' encoding to copy filtered resources.
2018-12-03 15:57:15,053 [Worker-41: Building workspace] INFO  o.e.m.c.i.embedder.EclipseLogger - skip non existing resourceDirectory C:\Users\mcc12068703\Documents\neueda-springboot-2018\05-01-Dwarfs-Saved\src\test\resources
2018-12-03 15:57:31,887 [Worker-33: Building workspace] INFO  o.e.m.c.i.embedder.EclipseLogger - Using 'UTF-8' encoding to copy filtered resources.
2018-12-03 15:57:31,888 [Worker-33: Building workspace] INFO  o.e.m.c.i.embedder.EclipseLogger - Copying 0 resource
2018-12-03 15:57:31,888 [Worker-33: Building workspace] INFO  o.e.m.c.i.embedder.EclipseLogger - Copying 1 resource
2018-12-03 15:57:31,894 [Worker-33: Building workspace] INFO  o.e.m.c.i.embedder.EclipseLogger - Using 'UTF-8' encoding to copy filtered resources.
2018-12-03 15:57:31,895 [Worker-33: Building workspace] INFO  o.e.m.c.i.embedder.EclipseLogger - skip non existing resourceDirectory C:\Users\mcc12068703\Documents\neueda-springboot-2018\05-01-Dwarfs-Saved\src\test\resources
2018-12-03 15:59:05,907 [Worker-41: Building workspace] INFO  o.e.m.c.i.embedder.EclipseLogger - Using 'UTF-8' encoding to copy filtered resources.
2018-12-03 15:59:05,907 [Worker-41: Building workspace] INFO  o.e.m.c.i.embedder.EclipseLogger - Copying 0 resource
2018-12-03 15:59:05,907 [Worker-41: Building workspace] INFO  o.e.m.c.i.embedder.EclipseLogger - Copying 1 resource
2018-12-03 15:59:05,913 [Worker-41: Building workspace] INFO  o.e.m.c.i.embedder.EclipseLogger - Using 'UTF-8' encoding to copy filtered resources.
2018-12-03 15:59:05,914 [Worker-41: Building workspace] INFO  o.e.m.c.i.embedder.EclipseLogger - skip non existing resourceDirectory C:\Users\mcc12068703\Documents\neueda-springboot-2018\05-01-Dwarfs-Saved\src\test\resources
2018-12-03 15:59:11,361 [Worker-33: Building workspace] INFO  o.e.m.c.i.embedder.EclipseLogger - Using 'UTF-8' encoding to copy filtered resources.
2018-12-03 15:59:11,362 [Worker-33: Building workspace] INFO  o.e.m.c.i.embedder.EclipseLogger - Copying 0 resource
2018-12-03 15:59:11,363 [Worker-33: Building workspace] INFO  o.e.m.c.i.embedder.EclipseLogger - Copying 1 resource
2018-12-03 15:59:11,371 [Worker-33: Building workspace] INFO  o.e.m.c.i.embedder.EclipseLogger - Using 'UTF-8' encoding to copy filtered resources.
2018-12-03 15:59:11,371 [Worker-33: Building workspace] INFO  o.e.m.c.i.embedder.EclipseLogger - skip non existing resourceDirectory C:\Users\mcc12068703\Documents\neueda-springboot-2018\05-01-Dwarfs-Saved\src\test\resources
2018-12-03 15:59:17,971 [Worker-33: Building workspace] INFO  o.e.m.c.i.embedder.EclipseLogger - Using 'UTF-8' encoding to copy filtered resources.
2018-12-03 15:59:17,972 [Worker-33: Building workspace] INFO  o.e.m.c.i.embedder.EclipseLogger - Copying 0 resource
2018-12-03 15:59:17,973 [Worker-33: Building workspace] INFO  o.e.m.c.i.embedder.EclipseLogger - Copying 0 resource
2018-12-03 15:59:17,976 [Worker-33: Building workspace] INFO  o.e.m.c.i.embedder.EclipseLogger - Using 'UTF-8' encoding to copy filtered resources.
2018-12-03 15:59:17,976 [Worker-33: Building workspace] INFO  o.e.m.c.i.embedder.EclipseLogger - skip non existing resourceDirectory C:\Users\mcc12068703\Documents\neueda-springboot-2018\05-01-Dwarfs-Saved\src\test\resources
2018-12-03 15:59:40,578 [Worker-35: Building workspace] INFO  o.e.m.c.i.embedder.EclipseLogger - Using 'UTF-8' encoding to copy filtered resources.
2018-12-03 15:59:40,579 [Worker-35: Building workspace] INFO  o.e.m.c.i.embedder.EclipseLogger - Copying 0 resource
2018-12-03 15:59:40,579 [Worker-35: Building workspace] INFO  o.e.m.c.i.embedder.EclipseLogger - Copying 0 resource
2018-12-03 15:59:40,583 [Worker-35: Building workspace] INFO  o.e.m.c.i.embedder.EclipseLogger - Using 'UTF-8' encoding to copy filtered resources.
