::1 - - [06/Dec/2018:15:08:11 +0000] "GET /phpmyadmin HTTP/1.1" 301 241
::1 - - [06/Dec/2018:15:08:11 +0000] "GET /phpmyadmin/ HTTP/1.1" 200 7812
::1 - - [06/Dec/2018:15:08:12 +0000] "GET /phpmyadmin/js/update-location.js?ts=1543837798 HTTP/1.1" 200 758
::1 - - [06/Dec/2018:15:08:12 +0000] "GET /phpmyadmin/js/cross_framing_protection.js?ts=1543837797 HTTP/1.1" 200 331
::1 - - [06/Dec/2018:15:08:12 +0000] "GET /phpmyadmin/js/functions.js?ts=1543837797 HTTP/1.1" 200 31563
::1 - - [06/Dec/2018:15:08:12 +0000] "GET /phpmyadmin/js/jquery/jquery-1.4.4.js?ts=1543837798 HTTP/1.1" 200 78268
::1 - - [06/Dec/2018:15:08:12 +0000] "GET /phpmyadmin/themes/pmahomme/jquery/jquery-ui-1.8.custom.css HTTP/1.1" 200 30846
::1 - - [06/Dec/2018:15:08:12 +0000] "GET /phpmyadmin/js/jquery/jquery.qtip-1.0.0.min.js?ts=1543837798 HTTP/1.1" 200 38434
::1 - - [06/Dec/2018:15:08:12 +0000] "GET /phpmyadmin/phpmyadmin.css.php?server=1&lang=en&collation_connection=utf8_general_ci&token=e49746a1c73549f2b3d543cf082cd6c5&js_frame=right&nocache=4631513791 HTTP/1.1" 200 41672
::1 - - [06/Dec/2018:15:08:12 +0000] "GET /phpmyadmin/themes/pmahomme/img/logo_right.png HTTP/1.1" 200 4921
::1 - - [06/Dec/2018:15:08:12 +0000] "GET /phpmyadmin/js/messages.php?lang=en&db=&collation_connection=utf8_general_ci&token=e49746a1c73549f2b3d543cf082cd6c5 HTTP/1.1" 200 4934
::1 - - [06/Dec/2018:15:08:12 +0000] "GET /phpmyadmin/themes/pmahomme/img/b_help.png HTTP/1.1" 200 1594
::1 - - [06/Dec/2018:15:08:12 +0000] "GET /phpmyadmin/print.css HTTP/1.1" 200 1064
::1 - - [06/Dec/2018:15:08:12 +0000] "GET /phpmyadmin/themes/pmahomme/img/input_bg.gif HTTP/1.1" 200 162
::1 - - [06/Dec/2018:15:08:13 +0000] "GET /phpmyadmin/favicon.ico HTTP/1.1" 200 18902
::1 - - [06/Dec/2018:15:08:30 +0000] "POST /phpmyadmin/index.php HTTP/1.1" 302 -
::1 - - [06/Dec/2018:15:08:30 +0000] "GET /phpmyadmin/index.php?token=e49746a1c73549f2b3d543cf082cd6c5 HTTP/1.1" 200 2590
::1 - - [06/Dec/2018:15:08:30 +0000] "GET /phpmyadmin/js/common.js?ts=1543837797 HTTP/1.1" 200 5294
::1 - - [06/Dec/2018:15:08:31 +0000] "GET /phpmyadmin/navigation.php?token=e49746a1c73549f2b3d543cf082cd6c5 HTTP/1.1" 200 4283
::1 - - [06/Dec/2018:15:08:31 +0000] "GET /phpmyadmin/js/jquery/jquery-1.4.4.js HTTP/1.1" 200 78268
::1 - - [06/Dec/2018:15:08:31 +0000] "GET /phpmyadmin/js/functions.js HTTP/1.1" 200 31563
::1 - - [06/Dec/2018:15:08:31 +0000] "GET /phpmyadmin/js/navigation.js HTTP/1.1" 200 2521
::1 - - [06/Dec/2018:15:08:31 +0000] "GET /phpmyadmin/themes/pmahomme/img/b_home.png HTTP/1.1" 200 806
::1 - - [06/Dec/2018:15:08:31 +0000] "GET /phpmyadmin/themes/pmahomme/img/logo_left.png HTTP/1.1" 200 4970
::1 - - [06/Dec/2018:15:08:31 +0000] "GET /phpmyadmin/themes/pmahomme/img/s_loggoff.png HTTP/1.1" 200 688
::1 - - [06/Dec/2018:15:08:31 +0000] "GET /phpmyadmin/themes/pmahomme/img/b_docs.png HTTP/1.1" 200 786
::1 - - [06/Dec/2018:15:08:31 +0000] "GET /phpmyadmin/themes/pmahomme/img/b_selboard.png HTTP/1.1" 200 698
::1 - - [06/Dec/2018:15:08:31 +0000] "GET /phpmyadmin/themes/pmahomme/img/s_reload.png HTTP/1.1" 200 608
::1 - - [06/Dec/2018:15:08:31 +0000] "GET /phpmyadmin/themes/pmahomme/img/b_sqlhelp.png HTTP/1.1" 200 579
::1 - - [06/Dec/2018:15:08:31 +0000] "GET /phpmyadmin/main.php?token=e49746a1c73549f2b3d543cf082cd6c5 HTTP/1.1" 200 37829
::1 - - [06/Dec/2018:15:08:31 +0000] "GET /phpmyadmin/js/jquery/jquery-ui-1.8.custom.js?ts=1543837798 HTTP/1.1" 200 190765
::1 - - [06/Dec/2018:15:08:31 +0000] "GET /phpmyadmin/js/jquery/jquery.sprintf.js?ts=1543837798 HTTP/1.1" 200 987
::1 - - [06/Dec/2018:15:08:31 +0000] "GET /phpmyadmin/themes/pmahomme/img/s_host.png HTTP/1.1" 200 667
::1 - - [06/Dec/2018:15:08:31 +0000] "GET /phpmyadmin/themes/pmahomme/img/s_db.png HTTP/1.1" 200 390
::1 - - [06/Dec/2018:15:08:31 +0000] "GET /phpmyadmin/js/config.js?ts=1543837797 HTTP/1.1" 200 9480
::1 - - [06/Dec/2018:15:08:31 +0000] "GET /phpmyadmin/themes/pmahomme/img/b_sql.png HTTP/1.1" 200 748
::1 - - [06/Dec/2018:15:08:31 +0000] "GET /phpmyadmin/phpmyadmin.css.php?token=e49746a1c73549f2b3d543cf082cd6c5&js_frame=left&nocache=6175622701 HTTP/1.1" 200 5861
::1 - - [06/Dec/2018:15:08:31 +0000] "GET /phpmyadmin/themes/pmahomme/img/s_status.png HTTP/1.1" 200 673
::1 - - [06/Dec/2018:15:08:31 +0000] "GET /phpmyadmin/phpmyadmin.css.php?server=1&token=e49746a1c73549f2b3d543cf082cd6c5&js_frame=right&nocache=6175622701 HTTP/1.1" 200 41672
::1 - - [06/Dec/2018:15:08:31 +0000] "GET /phpmyadmin/themes/pmahomme/img/s_rights.png HTTP/1.1" 200 533
::1 - - [06/Dec/2018:15:08:31 +0000] "GET /phpmyadmin/themes/pmahomme/img/s_process.png HTTP/1.1" 200 512
::1 - - [06/Dec/2018:15:08:31 +0000] "GET /phpmyadmin/themes/pmahomme/img/database.png HTTP/1.1" 200 390
::1 - - [06/Dec/2018:15:08:31 +0000] "GET /phpmyadmin/themes/pmahomme/img/left_nav_bg.png HTTP/1.1" 200 215
::1 - - [06/Dec/2018:15:08:31 +0000] "GET /phpmyadmin/themes/pmahomme/img/b_export.png HTTP/1.1" 200 641
::1 - - [06/Dec/2018:15:08:31 +0000] "GET /phpmyadmin/js/messages.php?lang=en&db=&token=e49746a1c73549f2b3d543cf082cd6c5 HTTP/1.1" 200 4934
::1 - - [06/Dec/2018:15:08:31 +0000] "GET /phpmyadmin/themes/pmahomme/img/b_import.png HTTP/1.1" 200 629
::1 - - [06/Dec/2018:15:08:31 +0000] "GET /phpmyadmin/themes/pmahomme/img/s_vars.png HTTP/1.1" 200 603
::1 - - [06/Dec/2018:15:08:31 +0000] "GET /phpmyadmin/themes/pmahomme/img/b_engine.png HTTP/1.1" 200 468
::1 - - [06/Dec/2018:15:08:31 +0000] "GET /phpmyadmin/themes/pmahomme/img/s_sync.png HTTP/1.1" 200 551
::1 - - [06/Dec/2018:15:08:31 +0000] "GET /phpmyadmin/themes/pmahomme/img/b_tblops.png HTTP/1.1" 200 610
::1 - - [06/Dec/2018:15:08:31 +0000] "GET /phpmyadmin/themes/pmahomme/img/s_replication.png HTTP/1.1" 200 447
::1 - - [06/Dec/2018:15:08:31 +0000] "GET /phpmyadmin/themes/pmahomme/img/window-new.png HTTP/1.1" 200 583
::1 - - [06/Dec/2018:15:08:31 +0000] "GET /phpmyadmin/themes/pmahomme/img/s_asci.png HTTP/1.1" 200 209
::1 - - [06/Dec/2018:15:08:31 +0000] "GET /phpmyadmin/themes/pmahomme/img/s_theme.png HTTP/1.1" 200 856
::1 - - [06/Dec/2018:15:08:31 +0000] "GET /phpmyadmin/themes/pmahomme/img/s_passwd.png HTTP/1.1" 200 435
::1 - - [06/Dec/2018:15:08:31 +0000] "GET /phpmyadmin/themes/pmahomme/img/tab_bg.png HTTP/1.1" 200 160
::1 - - [06/Dec/2018:15:08:31 +0000] "GET /phpmyadmin/themes/pmahomme/img/s_notice.png HTTP/1.1" 200 666
::1 - - [06/Dec/2018:15:08:31 +0000] "GET /phpmyadmin/themes/pmahomme/img/s_lang.png HTTP/1.1" 200 743
::1 - - [06/Dec/2018:15:08:31 +0000] "GET /phpmyadmin/themes/pmahomme/img/b_more.png HTTP/1.1" 200 1002
::1 - - [06/Dec/2018:15:08:37 +0000] "GET /phpmyadmin/themes/pmahomme/img/tab_hover_bg.png HTTP/1.1" 200 1278
::1 - - [06/Dec/2018:15:08:38 +0000] "GET /phpmyadmin/server_import.php?token=e49746a1c73549f2b3d543cf082cd6c5 HTTP/1.1" 200 17869
::1 - - [06/Dec/2018:15:08:39 +0000] "GET /phpmyadmin/themes/pmahomme/img/ajax_clock_small.gif HTTP/1.1" 200 1849
::1 - - [06/Dec/2018:15:08:39 +0000] "GET /phpmyadmin/js/import.js?ts=1543837797 HTTP/1.1" 200 1383
::1 - - [06/Dec/2018:15:08:57 +0000] "GET /phpmyadmin/server_databases.php?token=e49746a1c73549f2b3d543cf082cd6c5 HTTP/1.1" 200 34557
::1 - - [06/Dec/2018:15:08:58 +0000] "GET /phpmyadmin/themes/pmahomme/img/s_asc.png HTTP/1.1" 200 201
::1 - - [06/Dec/2018:15:08:58 +0000] "GET /phpmyadmin/themes/pmahomme/img/arrow_ltr.png HTTP/1.1" 200 184
::1 - - [06/Dec/2018:15:08:58 +0000] "GET /phpmyadmin/themes/pmahomme/img/b_deltbl.png HTTP/1.1" 200 660
::1 - - [06/Dec/2018:15:08:58 +0000] "GET /phpmyadmin/themes/pmahomme/img/b_dbstatistics.png HTTP/1.1" 200 541
::1 - - [06/Dec/2018:15:08:58 +0000] "GET /phpmyadmin/themes/pmahomme/img/b_newdb.png HTTP/1.1" 200 658
::1 - - [06/Dec/2018:15:09:12 +0000] "GET /phpmyadmin/themes/pmahomme/img/marked_bg.png HTTP/1.1" 200 977
::1 - - [06/Dec/2018:15:09:27 +0000] "GET /phpmyadmin/server_processlist.php?token=e49746a1c73549f2b3d543cf082cd6c5 HTTP/1.1" 200 9333
::1 - - [06/Dec/2018:15:09:27 +0000] "GET /phpmyadmin/themes/pmahomme/img/s_fulltext.png HTTP/1.1" 200 244
::1 - - [06/Dec/2018:15:09:31 +0000] "GET /phpmyadmin/index.php?db=breakfast&token=e49746a1c73549f2b3d543cf082cd6c5 HTTP/1.1" 200 2641
::1 - - [06/Dec/2018:15:09:31 +0000] "GET /phpmyadmin/navigation.php?token=e49746a1c73549f2b3d543cf082cd6c5&db=breakfast HTTP/1.1" 200 5245
::1 - - [06/Dec/2018:15:09:31 +0000] "GET /phpmyadmin/themes/pmahomme/img/b_sbrowse.png HTTP/1.1" 200 566
::1 - - [06/Dec/2018:15:09:31 +0000] "GET /phpmyadmin/themes/pmahomme/img/b_snewtbl.png HTTP/1.1" 200 733
::1 - - [06/Dec/2018:15:09:32 +0000] "GET /phpmyadmin/themes/pmahomme/img/item_ltr.png HTTP/1.1" 200 162
::1 - - [06/Dec/2018:15:09:32 +0000] "GET /phpmyadmin/js/db_structure.js?ts=1543837797 HTTP/1.1" 200 3178
::1 - - [06/Dec/2018:15:09:32 +0000] "GET /phpmyadmin/themes/pmahomme/img/b_props.png HTTP/1.1" 200 663
::1 - - [06/Dec/2018:15:09:32 +0000] "GET /phpmyadmin/themes/pmahomme/img/b_search.png HTTP/1.1" 200 615
::1 - - [06/Dec/2018:15:09:31 +0000] "GET /phpmyadmin/db_structure.php?token=e49746a1c73549f2b3d543cf082cd6c5&db=breakfast HTTP/1.1" 200 15397
::1 - - [06/Dec/2018:15:09:32 +0000] "GET /phpmyadmin/themes/pmahomme/img/bd_browse.png HTTP/1.1" 200 200
::1 - - [06/Dec/2018:15:09:32 +0000] "GET /phpmyadmin/themes/pmahomme/img/bd_select.png HTTP/1.1" 200 459
::1 - - [06/Dec/2018:15:09:32 +0000] "GET /phpmyadmin/themes/pmahomme/img/b_insrow.png HTTP/1.1" 200 228
::1 - - [06/Dec/2018:15:09:32 +0000] "GET /phpmyadmin/themes/pmahomme/img/bd_empty.png HTTP/1.1" 200 231
::1 - - [06/Dec/2018:15:09:32 +0000] "GET /phpmyadmin/js/messages.php?lang=en&db=breakfast&token=e49746a1c73549f2b3d543cf082cd6c5 HTTP/1.1" 200 4943
::1 - - [06/Dec/2018:15:09:32 +0000] "GET /phpmyadmin/themes/pmahomme/img/b_drop.png HTTP/1.1" 200 715
::1 - - [06/Dec/2018:15:09:32 +0000] "GET /phpmyadmin/themes/pmahomme/img/b_print.png HTTP/1.1" 200 731
::1 - - [06/Dec/2018:15:09:32 +0000] "GET /phpmyadmin/themes/pmahomme/img/b_tblanalyse.png HTTP/1.1" 200 234
::1 - - [06/Dec/2018:15:09:32 +0000] "GET /phpmyadmin/themes/pmahomme/img/b_newtbl.png HTTP/1.1" 200 325
::1 - - [06/Dec/2018:15:09:45 +0000] "GET /phpmyadmin/themes/pmahomme/jquery/images/ui-bg_flat_75_ffffff_40x100.png HTTP/1.1" 200 87
::1 - - [06/Dec/2018:15:09:45 +0000] "GET /phpmyadmin/themes/pmahomme/jquery/images/ui-bg_glass_75_e6e6e6_1x400.png HTTP/1.1" 200 110
::1 - - [06/Dec/2018:15:09:45 +0000] "GET /phpmyadmin/themes/pmahomme/jquery/images/ui-bg_highlight-soft_75_cccccc_1x100.png HTTP/1.1" 200 86
::1 - - [06/Dec/2018:15:09:45 +0000] "GET /phpmyadmin/themes/pmahomme/jquery/images/ui-icons_222222_256x240.png HTTP/1.1" 200 4193
::1 - - [06/Dec/2018:15:09:46 +0000] "GET /phpmyadmin/themes/pmahomme/jquery/images/ui-bg_glass_75_dadada_1x400.png HTTP/1.1" 200 111
::1 - - [06/Dec/2018:15:09:47 +0000] "GET /phpmyadmin/themes/pmahomme/jquery/images/ui-bg_glass_65_ffffff_1x400.png HTTP/1.1" 200 99
::1 - - [06/Dec/2018:15:09:47 +0000] "GET /phpmyadmin/sql.php?db=breakfast&token=e49746a1c73549f2b3d543cf082cd6c5&goto=db_structure.php&table=cereal&reload=1&purge=1&sql_query=DROP+TABLE+%60cereal%60&message_to_show=Table+cereal+has+been+dropped&is_js_confirmed=1&ajax_request=true HTTP/1.1" 200 1732
::1 - - [06/Dec/2018:15:09:47 +0000] "GET /phpmyadmin/themes/pmahomme/img/s_success.png HTTP/1.1" 200 537
::1 - - [06/Dec/2018:15:09:47 +0000] "GET /phpmyadmin/navigation.php?token=e49746a1c73549f2b3d543cf082cd6c5&db=breakfast HTTP/1.1" 200 4768
::1 - - [06/Dec/2018:15:10:10 +0000] "GET /phpmyadmin/navigation.php?server=1&token=e49746a1c73549f2b3d543cf082cd6c5&db=dwarfs&table=&lang=en&collation_connection=utf8_general_ci HTTP/1.1" 200 5758
::1 - - [06/Dec/2018:15:10:10 +0000] "GET /phpmyadmin/db_structure.php?server=1&token=e49746a1c73549f2b3d543cf082cd6c5&db=dwarfs&table=&lang=en&collation_connection=utf8_general_ci HTTP/1.1" 200 18415
::1 - - [06/Dec/2018:15:10:11 +0000] "GET /phpmyadmin/themes/pmahomme/img/b_browse.png HTTP/1.1" 200 566
::1 - - [06/Dec/2018:15:10:11 +0000] "GET /phpmyadmin/themes/pmahomme/img/b_select.png HTTP/1.1" 200 680
::1 - - [06/Dec/2018:15:10:11 +0000] "GET /phpmyadmin/themes/pmahomme/img/b_empty.png HTTP/1.1" 200 363
::1 - - [06/Dec/2018:15:10:11 +0000] "GET /phpmyadmin/js/messages.php?lang=en&db=dwarfs&token=e49746a1c73549f2b3d543cf082cd6c5 HTTP/1.1" 200 4940
::1 - - [06/Dec/2018:15:10:12 +0000] "GET /phpmyadmin/db_structure.php?server=1&token=e49746a1c73549f2b3d543cf082cd6c5&db=breakfast&table=&lang=en&collation_connection=utf8_general_ci HTTP/1.1" 200 15474
::1 - - [06/Dec/2018:15:10:12 +0000] "GET /phpmyadmin/navigation.php?server=1&token=e49746a1c73549f2b3d543cf082cd6c5&db=breakfast&table=&lang=en&collation_connection=utf8_general_ci HTTP/1.1" 200 5245
::1 - - [06/Dec/2018:15:10:16 +0000] "GET /phpmyadmin/db_import.php?db=breakfast&server=1&token=e49746a1c73549f2b3d543cf082cd6c5 HTTP/1.1" 200 17640
::1 - - [06/Dec/2018:15:10:55 +0000] "POST /phpmyadmin/import.php HTTP/1.1" 200 18533
::1 - - [06/Dec/2018:15:10:55 +0000] "GET /phpmyadmin/navigation.php?db=breakfast&token=e49746a1c73549f2b3d543cf082cd6c5 HTTP/1.1" 200 5742
::1 - - [06/Dec/2018:15:11:17 +0000] "GET /phpmyadmin/sql.php?db=breakfast&token=e49746a1c73549f2b3d543cf082cd6c5&table=cereal&pos=0 HTTP/1.1" 200 115711
::1 - - [06/Dec/2018:15:11:17 +0000] "GET /phpmyadmin/themes/pmahomme/img/s_tbl.png HTTP/1.1" 200 714
::1 - - [06/Dec/2018:15:11:17 +0000] "GET /phpmyadmin/js/pMap.js?ts=1543837797 HTTP/1.1" 200 1915
::1 - - [06/Dec/2018:15:11:17 +0000] "GET /phpmyadmin/themes/pmahomme/img/b_tblexport.png HTTP/1.1" 200 641
::1 - - [06/Dec/2018:15:11:17 +0000] "GET /phpmyadmin/themes/pmahomme/img/b_tblimport.png HTTP/1.1" 200 629
::1 - - [06/Dec/2018:15:11:17 +0000] "GET /phpmyadmin/themes/pmahomme/img/b_edit.png HTTP/1.1" 200 444
::1 - - [06/Dec/2018:15:11:17 +0000] "GET /phpmyadmin/themes/pmahomme/img/bd_primary.png HTTP/1.1" 200 312
::1 - - [06/Dec/2018:15:11:17 +0000] "GET /phpmyadmin/themes/pmahomme/img/bd_ftext.png HTTP/1.1" 200 219
::1 - - [06/Dec/2018:15:11:17 +0000] "GET /phpmyadmin/themes/pmahomme/img/more.png HTTP/1.1" 200 553
::1 - - [06/Dec/2018:15:11:17 +0000] "GET /phpmyadmin/themes/pmahomme/img/error.ico HTTP/1.1" 200 5430
::1 - - [06/Dec/2018:15:11:17 +0000] "GET /phpmyadmin/themes/pmahomme/img/b_unique.png HTTP/1.1" 200 1475
::1 - - [06/Dec/2018:15:11:17 +0000] "GET /phpmyadmin/themes/pmahomme/img/b_index.png HTTP/1.1" 200 736
::1 - - [06/Dec/2018:15:11:17 +0000] "GET /phpmyadmin/themes/pmahomme/img/b_ftext.png HTTP/1.1" 200 1432
::1 - - [06/Dec/2018:15:11:17 +0000] "GET /phpmyadmin/themes/pmahomme/img/b_primary.png HTTP/1.1" 200 612
::1 - - [06/Dec/2018:15:11:27 +0000] "GET /phpmyadmin/js/sql.js?ts=1543837797 HTTP/1.1" 200 15945
::1 - - [06/Dec/2018:15:11:27 +0000] "GET /phpmyadmin/sql.php?db=breakfast&token=e49746a1c73549f2b3d543cf082cd6c5&table=table+2&pos=0 HTTP/1.1" 200 238808
::1 - - [06/Dec/2018:15:11:27 +0000] "GET /phpmyadmin/themes/pmahomme/img/b_chart.png HTTP/1.1" 200 541
::1 - - [06/Dec/2018:15:11:27 +0000] "GET /phpmyadmin/themes/pmahomme/img/b_views.png HTTP/1.1" 200 700
::1 - - [06/Dec/2018:15:11:27 +0000] "GET /phpmyadmin/themes/pmahomme/img/b_inline_edit.png HTTP/1.1" 200 618
::1 - - [06/Dec/2018:15:11:41 +0000] "POST /phpmyadmin/sql.php HTTP/1.1" 200 111257
::1 - - [06/Dec/2018:15:21:00 +0000] "GET /phpmyadmin/sql.php?db=breakfast&token=e49746a1c73549f2b3d543cf082cd6c5&table=cereal&pos=0 HTTP/1.1" 200 115711
::1 - - [06/Dec/2018:15:21:10 +0000] "GET /phpmyadmin/tbl_structure.php?db=breakfast&token=e49746a1c73549f2b3d543cf082cd6c5&table=cereal&goto=tbl_structure.php HTTP/1.1" 200 113126
::1 - - [06/Dec/2018:15:21:10 +0000] "GET /phpmyadmin/js/tbl_structure.js?ts=1543837797 HTTP/1.1" 200 1972
::1 - - [06/Dec/2018:15:21:13 +0000] "GET /phpmyadmin/tbl_structure.php?db=breakfast&token=e49746a1c73549f2b3d543cf082cd6c5&table=cereal&goto=tbl_structure.php HTTP/1.1" 200 113126
::1 - - [06/Dec/2018:15:21:26 +0000] "GET /phpmyadmin/sql.php?db=breakfast&token=e49746a1c73549f2b3d543cf082cd6c5&table=cereal&pos=0 HTTP/1.1" 200 115711
::1 - - [06/Dec/2018:15:21:30 +0000] "GET /phpmyadmin/tbl_operations.php?db=breakfast&table=cereal&token=e49746a1c73549f2b3d543cf082cd6c5 HTTP/1.1" 200 41308
::1 - - [06/Dec/2018:15:21:37 +0000] "GET /phpmyadmin/tbl_sql.php?db=breakfast&table=cereal&token=e49746a1c73549f2b3d543cf082cd6c5 HTTP/1.1" 200 11075
::1 - - [06/Dec/2018:15:21:53 +0000] "POST /phpmyadmin/import.php HTTP/1.1" 200 1746
::1 - - [06/Dec/2018:15:21:54 +0000] "POST /phpmyadmin/db_sql.php HTTP/1.1" 200 9567
::1 - - [06/Dec/2018:15:21:54 +0000] "GET /phpmyadmin/navigation.php?db=breakfast&token=e49746a1c73549f2b3d543cf082cd6c5 HTTP/1.1" 200 5258
::1 - - [06/Dec/2018:15:21:57 +0000] "GET /phpmyadmin/sql.php?db=breakfast&token=e49746a1c73549f2b3d543cf082cd6c5&table=table+2&pos=0 HTTP/1.1" 200 238808
::1 - - [06/Dec/2018:15:22:28 +0000] "GET /phpmyadmin/tbl_sql.php?db=breakfast&table=table+2&token=e49746a1c73549f2b3d543cf082cd6c5 HTTP/1.1" 200 10914
::1 - - [06/Dec/2018:15:22:48 +0000] "POST /phpmyadmin/import.php HTTP/1.1" 200 229
::1 - - [06/Dec/2018:15:22:48 +0000] "GET /phpmyadmin/themes/pmahomme/img/s_error.png HTTP/1.1" 200 701
::1 - - [06/Dec/2018:15:22:57 +0000] "POST /phpmyadmin/import.php HTTP/1.1" 200 239
::1 - - [06/Dec/2018:15:23:35 +0000] "GET /phpmyadmin/tbl_operations.php?db=breakfast&table=table+2&token=e49746a1c73549f2b3d543cf082cd6c5 HTTP/1.1" 200 40969
::1 - - [06/Dec/2018:15:23:52 +0000] "POST /phpmyadmin/tbl_operations.php HTTP/1.1" 200 43029
::1 - - [06/Dec/2018:15:23:52 +0000] "GET /phpmyadmin/navigation.php?db=breakfast&token=e49746a1c73549f2b3d543cf082cd6c5 HTTP/1.1" 200 5247
::1 - - [06/Dec/2018:15:23:52 +0000] "GET /phpmyadmin/navigation.php?server=1&token=e49746a1c73549f2b3d543cf082cd6c5&db=breakfast&table=cereal&lang=en&collation_connection=utf8_general_ci HTTP/1.1" 200 5264
::1 - - [06/Dec/2018:15:23:55 +0000] "GET /phpmyadmin/sql.php?db=breakfast&token=e49746a1c73549f2b3d543cf082cd6c5&table=cereal&pos=0 HTTP/1.1" 200 233016
::1 - - [06/Dec/2018:15:23:56 +0000] "GET /phpmyadmin/tbl_sql.php?db=breakfast&table=cereal&token=e49746a1c73549f2b3d543cf082cd6c5 HTTP/1.1" 200 10891
::1 - - [06/Dec/2018:15:24:02 +0000] "POST /phpmyadmin/import.php HTTP/1.1" 200 224242
::1 - - [06/Dec/2018:15:24:23 +0000] "GET /phpmyadmin/sql.php?db=breakfast&token=e49746a1c73549f2b3d543cf082cd6c5&table=cereal&pos=0 HTTP/1.1" 200 233016
::1 - - [06/Dec/2018:15:24:33 +0000] "GET /phpmyadmin/tbl_structure.php?db=breakfast&table=cereal&token=e49746a1c73549f2b3d543cf082cd6c5 HTTP/1.1" 200 112544
::1 - - [06/Dec/2018:15:27:15 +0000] "GET /phpmyadmin/sql.php?db=breakfast&token=e49746a1c73549f2b3d543cf082cd6c5&table=cereal&pos=0 HTTP/1.1" 200 233016
::1 - - [06/Dec/2018:15:27:17 +0000] "GET /phpmyadmin/tbl_operations.php?db=breakfast&table=cereal&token=e49746a1c73549f2b3d543cf082cd6c5 HTTP/1.1" 200 40922
::1 - - [06/Dec/2018:15:27:21 +0000] "GET /phpmyadmin/tbl_sql.php?db=breakfast&table=cereal&token=e49746a1c73549f2b3d543cf082cd6c5 HTTP/1.1" 200 10891
::1 - - [06/Dec/2018:15:27:36 +0000] "POST /phpmyadmin/import.php HTTP/1.1" 200 1746
::1 - - [06/Dec/2018:15:27:37 +0000] "POST /phpmyadmin/db_sql.php HTTP/1.1" 200 8536
::1 - - [06/Dec/2018:15:27:37 +0000] "GET /phpmyadmin/navigation.php?db=breakfast&token=e49746a1c73549f2b3d543cf082cd6c5 HTTP/1.1" 200 4768
::1 - - [06/Dec/2018:15:28:08 +0000] "GET /phpmyadmin/db_structure.php?goto=tbl_sql.php&db=breakfast&table=cereal&server=1&token=e49746a1c73549f2b3d543cf082cd6c5 HTTP/1.1" 200 9086
::1 - - [06/Dec/2018:15:28:10 +0000] "GET /phpmyadmin/db_sql.php?goto=tbl_sql.php&db=breakfast&table=cereal&server=1&token=e49746a1c73549f2b3d543cf082cd6c5&db_query_force=1 HTTP/1.1" 200 10136
::1 - - [06/Dec/2018:15:28:15 +0000] "GET /phpmyadmin/db_operations.php?goto=tbl_sql.php&db=breakfast&table=cereal&server=1&token=e49746a1c73549f2b3d543cf082cd6c5 HTTP/1.1" 200 34716
::1 - - [06/Dec/2018:15:28:15 +0000] "GET /phpmyadmin/js/db_operations.js?ts=1543837797 HTTP/1.1" 200 1921
::1 - - [06/Dec/2018:15:28:19 +0000] "GET /phpmyadmin/db_structure.php?goto=tbl_sql.php&db=breakfast&table=cereal&server=1&token=e49746a1c73549f2b3d543cf082cd6c5 HTTP/1.1" 200 9086
::1 - - [06/Dec/2018:15:28:31 +0000] "GET /phpmyadmin/navigation.php?server=1&token=e49746a1c73549f2b3d543cf082cd6c5&db=dwarfs&table=cereal&lang=en&collation_connection=utf8_general_ci HTTP/1.1" 200 5775
::1 - - [06/Dec/2018:15:28:31 +0000] "GET /phpmyadmin/db_structure.php?server=1&token=e49746a1c73549f2b3d543cf082cd6c5&db=dwarfs&table=&lang=en&collation_connection=utf8_general_ci HTTP/1.1" 200 18415
::1 - - [06/Dec/2018:15:28:32 +0000] "GET /phpmyadmin/navigation.php?server=1&token=e49746a1c73549f2b3d543cf082cd6c5&db=breakfast&table=&lang=en&collation_connection=utf8_general_ci HTTP/1.1" 200 5245
::1 - - [06/Dec/2018:15:28:32 +0000] "GET /phpmyadmin/db_structure.php?server=1&token=e49746a1c73549f2b3d543cf082cd6c5&db=breakfast&table=&lang=en&collation_connection=utf8_general_ci HTTP/1.1" 200 15474
::1 - - [06/Dec/2018:15:28:33 +0000] "GET /phpmyadmin/sql.php?db=breakfast&token=e49746a1c73549f2b3d543cf082cd6c5&table=cereal&pos=0 HTTP/1.1" 200 115711
::1 - - [06/Dec/2018:15:28:43 +0000] "GET /phpmyadmin/tbl_import.php?db=breakfast&table=cereal&token=e49746a1c73549f2b3d543cf082cd6c5 HTTP/1.1" 200 20071
::1 - - [06/Dec/2018:15:29:28 +0000] "POST /phpmyadmin/import.php HTTP/1.1" 200 19729
::1 - - [06/Dec/2018:15:29:37 +0000] "GET /phpmyadmin/tbl_change.php?db=breakfast&table=cereal&token=e49746a1c73549f2b3d543cf082cd6c5 HTTP/1.1" 200 129852
::1 - - [06/Dec/2018:15:29:37 +0000] "GET /phpmyadmin/js/tbl_change.js?ts=1543837797 HTTP/1.1" 200 6513
::1 - - [06/Dec/2018:15:29:37 +0000] "GET /phpmyadmin/js/jquery/timepicker.js?ts=1543837798 HTTP/1.1" 200 8353
::1 - - [06/Dec/2018:15:29:37 +0000] "GET /phpmyadmin/js/keyhandler.js HTTP/1.1" 200 856
::1 - - [06/Dec/2018:15:29:42 +0000] "GET /phpmyadmin/tbl_import.php?db=breakfast&table=cereal&token=e49746a1c73549f2b3d543cf082cd6c5 HTTP/1.1" 200 20071
::1 - - [06/Dec/2018:15:30:19 +0000] "POST /phpmyadmin/import.php HTTP/1.1" 200 19729
::1 - - [06/Dec/2018:15:30:42 +0000] "GET /phpmyadmin/tbl_structure.php?db=breakfast&table=cereal&token=e49746a1c73549f2b3d543cf082cd6c5 HTTP/1.1" 200 113099
::1 - - [06/Dec/2018:15:30:53 +0000] "GET /phpmyadmin/sql.php?db=breakfast&token=e49746a1c73549f2b3d543cf082cd6c5&table=cereal&pos=0 HTTP/1.1" 200 115711
::1 - - [06/Dec/2018:15:30:59 +0000] "GET /phpmyadmin/tbl_import.php?db=breakfast&table=cereal&token=e49746a1c73549f2b3d543cf082cd6c5 HTTP/1.1" 200 20071
::1 - - [06/Dec/2018:15:31:21 +0000] "GET /phpmyadmin/tbl_structure.php?db=breakfast&table=cereal&token=e49746a1c73549f2b3d543cf082cd6c5 HTTP/1.1" 200 113099
::1 - - [06/Dec/2018:15:32:44 +0000] "GET /phpmyadmin/tbl_import.php?db=breakfast&table=cereal&token=e49746a1c73549f2b3d543cf082cd6c5 HTTP/1.1" 200 20071
::1 - - [06/Dec/2018:15:32:55 +0000] "POST /phpmyadmin/import.php HTTP/1.1" 200 19729
::1 - - [06/Dec/2018:15:34:24 +0000] "GET /phpmyadmin/tbl_structure.php?db=breakfast&table=cereal&token=e49746a1c73549f2b3d543cf082cd6c5 HTTP/1.1" 200 113099
::1 - - [06/Dec/2018:15:48:06 +0000] "GET /phpmyadmin/sql.php?db=breakfast&token=e49746a1c73549f2b3d543cf082cd6c5&table=cereal&pos=0 HTTP/1.1" 200 115711
::1 - - [06/Dec/2018:15:48:09 +0000] "GET /phpmyadmin/sql.php?db=breakfast&token=e49746a1c73549f2b3d543cf082cd6c5&table=cereal&pos=0 HTTP/1.1" 200 115711
::1 - - [06/Dec/2018:15:48:12 +0000] "GET /phpmyadmin/main.php?token=e49746a1c73549f2b3d543cf082cd6c5 HTTP/1.1" 200 37829
::1 - - [06/Dec/2018:15:48:12 +0000] "GET /phpmyadmin/navigation.php?server=1&token=e49746a1c73549f2b3d543cf082cd6c5&db=&table=&lang=en&collation_connection=utf8_general_ci HTTP/1.1" 200 4283
::1 - - [06/Dec/2018:15:48:16 +0000] "GET /phpmyadmin/index.php?db=titanic&token=e49746a1c73549f2b3d543cf082cd6c5 HTTP/1.1" 200 2635
::1 - - [06/Dec/2018:15:48:16 +0000] "GET /phpmyadmin/navigation.php?token=e49746a1c73549f2b3d543cf082cd6c5&db=titanic HTTP/1.1" 200 5797
::1 - - [06/Dec/2018:15:48:16 +0000] "GET /phpmyadmin/db_structure.php?token=e49746a1c73549f2b3d543cf082cd6c5&db=titanic HTTP/1.1" 200 18763
::1 - - [06/Dec/2018:15:48:16 +0000] "GET /phpmyadmin/js/messages.php?lang=en&db=titanic&token=e49746a1c73549f2b3d543cf082cd6c5 HTTP/1.1" 200 4941
::1 - - [06/Dec/2018:15:48:18 +0000] "GET /phpmyadmin/main.php?token=e49746a1c73549f2b3d543cf082cd6c5 HTTP/1.1" 200 37829
::1 - - [06/Dec/2018:15:48:18 +0000] "GET /phpmyadmin/navigation.php?server=1&token=e49746a1c73549f2b3d543cf082cd6c5&db=&table=&lang=en&collation_connection=utf8_general_ci HTTP/1.1" 200 4283
::1 - - [06/Dec/2018:15:48:22 +0000] "GET /phpmyadmin/index.php?db=breakfast&token=e49746a1c73549f2b3d543cf082cd6c5 HTTP/1.1" 200 2641
::1 - - [06/Dec/2018:15:48:23 +0000] "GET /phpmyadmin/navigation.php?token=e49746a1c73549f2b3d543cf082cd6c5&db=breakfast HTTP/1.1" 200 5773
::1 - - [06/Dec/2018:15:48:23 +0000] "GET /phpmyadmin/db_structure.php?token=e49746a1c73549f2b3d543cf082cd6c5&db=breakfast HTTP/1.1" 200 18434
::1 - - [06/Dec/2018:15:48:33 +0000] "GET /phpmyadmin/sql.php?db=breakfast&token=e49746a1c73549f2b3d543cf082cd6c5&goto=db_structure.php&table=cereal&reload=1&purge=1&sql_query=DROP+TABLE+%60cereal%60&message_to_show=Table+cereal+has+been+dropped&is_js_confirmed=1&ajax_request=true HTTP/1.1" 200 1732
::1 - - [06/Dec/2018:15:48:33 +0000] "GET /phpmyadmin/navigation.php?token=e49746a1c73549f2b3d543cf082cd6c5&db=breakfast HTTP/1.1" 200 5289
::1 - - [06/Dec/2018:15:48:35 +0000] "GET /phpmyadmin/sql.php?db=breakfast&token=e49746a1c73549f2b3d543cf082cd6c5&goto=db_structure.php&table=cereal_import&reload=1&purge=1&sql_query=DROP+TABLE+%60cereal_import%60&message_to_show=Table+cereal_import+has+been+dropped&is_js_confirmed=1&ajax_request=true HTTP/1.1" 200 1809
::1 - - [06/Dec/2018:15:48:36 +0000] "GET /phpmyadmin/navigation.php?token=e49746a1c73549f2b3d543cf082cd6c5&db=breakfast HTTP/1.1" 200 4768
::1 - - [06/Dec/2018:15:48:40 +0000] "GET /phpmyadmin/db_import.php?db=breakfast&server=1&token=e49746a1c73549f2b3d543cf082cd6c5 HTTP/1.1" 200 17766
::1 - - [06/Dec/2018:15:49:02 +0000] "POST /phpmyadmin/import.php HTTP/1.1" 200 18539
::1 - - [06/Dec/2018:15:49:02 +0000] "GET /phpmyadmin/navigation.php?db=breakfast&token=e49746a1c73549f2b3d543cf082cd6c5 HTTP/1.1" 200 5258
::1 - - [06/Dec/2018:15:49:05 +0000] "GET /phpmyadmin/sql.php?db=breakfast&token=e49746a1c73549f2b3d543cf082cd6c5&table=table+1&pos=0 HTTP/1.1" 200 268423
::1 - - [06/Dec/2018:15:49:07 +0000] "GET /phpmyadmin/tbl_structure.php?db=breakfast&table=table+1&token=e49746a1c73549f2b3d543cf082cd6c5 HTTP/1.1" 200 108174
::1 - - [06/Dec/2018:15:49:10 +0000] "GET /phpmyadmin/sql.php?db=breakfast&table=table+1&token=e49746a1c73549f2b3d543cf082cd6c5&pos=0 HTTP/1.1" 200 268423
::1 - - [06/Dec/2018:15:49:16 +0000] "GET /phpmyadmin/tbl_structure.php?db=breakfast&table=table+1&token=e49746a1c73549f2b3d543cf082cd6c5 HTTP/1.1" 200 108174
::1 - - [06/Dec/2018:15:49:22 +0000] "POST /phpmyadmin/tbl_addfield.php HTTP/1.1" 200 35602
::1 - - [06/Dec/2018:15:49:40 +0000] "POST /phpmyadmin/tbl_addfield.php HTTP/1.1" 200 60860
::1 - - [06/Dec/2018:15:49:44 +0000] "GET /phpmyadmin/sql.php?db=breakfast&table=table+1&token=e49746a1c73549f2b3d543cf082cd6c5&pos=0 HTTP/1.1" 200 268423
::1 - - [06/Dec/2018:15:49:47 +0000] "GET /phpmyadmin/tbl_structure.php?db=breakfast&table=table+1&token=e49746a1c73549f2b3d543cf082cd6c5 HTTP/1.1" 200 108174
::1 - - [06/Dec/2018:15:49:50 +0000] "GET /phpmyadmin/sql.php?db=breakfast&table=table+1&token=e49746a1c73549f2b3d543cf082cd6c5&pos=0 HTTP/1.1" 200 268423
::1 - - [06/Dec/2018:15:49:54 +0000] "GET /phpmyadmin/tbl_structure.php?db=breakfast&table=table+1&token=e49746a1c73549f2b3d543cf082cd6c5 HTTP/1.1" 200 108174
::1 - - [06/Dec/2018:15:49:59 +0000] "POST /phpmyadmin/tbl_addfield.php HTTP/1.1" 200 35602
::1 - - [06/Dec/2018:15:50:14 +0000] "POST /phpmyadmin/tbl_addfield.php HTTP/1.1" 200 118051
::1 - - [06/Dec/2018:15:50:16 +0000] "GET /phpmyadmin/sql.php?db=breakfast&table=table+1&token=e49746a1c73549f2b3d543cf082cd6c5&pos=0 HTTP/1.1" 200 117630
::1 - - [06/Dec/2018:15:52:33 +0000] "GET /phpmyadmin/navigation.php??uniqid=5c0944eed0e0c&db=breakfast&token=e49746a1c73549f2b3d543cf082cd6c5 HTTP/1.1" 200 5742
::1 - - [06/Dec/2018:15:52:37 +0000] "GET /phpmyadmin/sql.php?db=breakfast&token=e49746a1c73549f2b3d543cf082cd6c5&table=cereal&pos=0 HTTP/1.1" 200 116263
::1 - - [06/Dec/2018:15:52:49 +0000] "GET /phpmyadmin/db_structure.php?db=breakfast&token=e49746a1c73549f2b3d543cf082cd6c5 HTTP/1.1" 200 18375
::1 - - [06/Dec/2018:15:52:49 +0000] "GET /phpmyadmin/navigation.php?server=1&token=e49746a1c73549f2b3d543cf082cd6c5&db=breakfast&table=&lang=en&collation_connection=utf8_general_ci HTTP/1.1" 200 5742
::1 - - [06/Dec/2018:15:52:50 +0000] "GET /phpmyadmin/sql.php?db=breakfast&token=e49746a1c73549f2b3d543cf082cd6c5&table=table+1&pos=0 HTTP/1.1" 200 117630
::1 - - [06/Dec/2018:15:52:52 +0000] "GET /phpmyadmin/tbl_operations.php?db=breakfast&table=table+1&token=e49746a1c73549f2b3d543cf082cd6c5 HTTP/1.1" 200 41320
::1 - - [06/Dec/2018:15:52:58 +0000] "GET /phpmyadmin/db_structure.php?db=breakfast&token=e49746a1c73549f2b3d543cf082cd6c5 HTTP/1.1" 200 18375
::1 - - [06/Dec/2018:15:53:02 +0000] "GET /phpmyadmin/sql.php?db=breakfast&token=e49746a1c73549f2b3d543cf082cd6c5&goto=db_structure.php&table=cereal&reload=1&purge=1&sql_query=DROP+TABLE+%60cereal%60&message_to_show=Table+cereal+has+been+dropped&is_js_confirmed=1&ajax_request=true HTTP/1.1" 200 1732
::1 - - [06/Dec/2018:15:53:03 +0000] "GET /phpmyadmin/navigation.php?server=1&token=e49746a1c73549f2b3d543cf082cd6c5&db=breakfast&table=&lang=en&collation_connection=utf8_general_ci HTTP/1.1" 200 5258
::1 - - [06/Dec/2018:15:53:05 +0000] "GET /phpmyadmin/sql.php?db=breakfast&token=e49746a1c73549f2b3d543cf082cd6c5&table=table+1&pos=0 HTTP/1.1" 200 117630
::1 - - [06/Dec/2018:15:53:06 +0000] "GET /phpmyadmin/tbl_operations.php?db=breakfast&table=table+1&token=e49746a1c73549f2b3d543cf082cd6c5 HTTP/1.1" 200 41320
::1 - - [06/Dec/2018:15:53:13 +0000] "POST /phpmyadmin/tbl_operations.php HTTP/1.1" 200 59811
::1 - - [06/Dec/2018:15:53:14 +0000] "GET /phpmyadmin/navigation.php?db=breakfast&token=e49746a1c73549f2b3d543cf082cd6c5 HTTP/1.1" 200 5744
::1 - - [06/Dec/2018:15:53:17 +0000] "GET /phpmyadmin/db_structure.php?db=breakfast&token=e49746a1c73549f2b3d543cf082cd6c5 HTTP/1.1" 200 18386
::1 - - [06/Dec/2018:15:53:17 +0000] "GET /phpmyadmin/navigation.php?server=1&token=e49746a1c73549f2b3d543cf082cd6c5&db=breakfast&table=&lang=en&collation_connection=utf8_general_ci HTTP/1.1" 200 5744
::1 - - [06/Dec/2018:15:53:19 +0000] "GET /phpmyadmin/sql.php?db=breakfast&token=e49746a1c73549f2b3d543cf082cd6c5&goto=db_structure.php&table=table+1&reload=1&purge=1&sql_query=DROP+TABLE+%60table+1%60&message_to_show=Table+table%26nbsp%3B1+has+been+dropped&is_js_confirmed=1&ajax_request=true HTTP/1.1" 200 1761
::1 - - [06/Dec/2018:15:53:19 +0000] "GET /phpmyadmin/navigation.php?server=1&token=e49746a1c73549f2b3d543cf082cd6c5&db=breakfast&table=&lang=en&collation_connection=utf8_general_ci HTTP/1.1" 200 5247
::1 - - [06/Dec/2018:15:53:28 +0000] "GET /phpmyadmin/themes/pmahomme/img/s_desc.png HTTP/1.1" 200 201
::1 - - [06/Dec/2018:15:53:29 +0000] "GET /phpmyadmin/sql.php?db=breakfast&token=e49746a1c73549f2b3d543cf082cd6c5&table=cereal&pos=0 HTTP/1.1" 200 116853
::1 - - [06/Dec/2018:15:53:30 +0000] "GET /phpmyadmin/tbl_structure.php?db=breakfast&table=cereal&token=e49746a1c73549f2b3d543cf082cd6c5 HTTP/1.1" 200 116125
::1 - - [06/Dec/2018:15:53:48 +0000] "GET /phpmyadmin/tbl_import.php?db=breakfast&table=cereal&token=e49746a1c73549f2b3d543cf082cd6c5 HTTP/1.1" 200 19993
::1 - - [06/Dec/2018:15:53:58 +0000] "GET /phpmyadmin/db_structure.php?db=breakfast&token=e49746a1c73549f2b3d543cf082cd6c5 HTTP/1.1" 200 15409
::1 - - [06/Dec/2018:15:54:00 +0000] "GET /phpmyadmin/db_import.php?db=breakfast&server=1&token=e49746a1c73549f2b3d543cf082cd6c5 HTTP/1.1" 200 17640
::1 - - [06/Dec/2018:15:54:27 +0000] "GET /phpmyadmin/sql.php?db=breakfast&token=e49746a1c73549f2b3d543cf082cd6c5&table=cereal&pos=0 HTTP/1.1" 200 116853
::1 - - [06/Dec/2018:15:54:29 +0000] "GET /phpmyadmin/tbl_import.php?db=breakfast&table=cereal&token=e49746a1c73549f2b3d543cf082cd6c5 HTTP/1.1" 200 19993
::1 - - [06/Dec/2018:15:54:42 +0000] "GET /phpmyadmin/db_structure.php?db=breakfast&token=e49746a1c73549f2b3d543cf082cd6c5 HTTP/1.1" 200 15409
::1 - - [06/Dec/2018:15:54:43 +0000] "GET /phpmyadmin/db_import.php?db=breakfast&server=1&token=e49746a1c73549f2b3d543cf082cd6c5 HTTP/1.1" 200 17640
::1 - - [06/Dec/2018:15:54:52 +0000] "POST /phpmyadmin/import.php HTTP/1.1" 200 18533
::1 - - [06/Dec/2018:15:54:52 +0000] "GET /phpmyadmin/navigation.php?db=breakfast&token=e49746a1c73549f2b3d543cf082cd6c5 HTTP/1.1" 200 5744
::1 - - [06/Dec/2018:15:55:01 +0000] "GET /phpmyadmin/sql.php?db=breakfast&token=e49746a1c73549f2b3d543cf082cd6c5&table=table+2&pos=0 HTTP/1.1" 200 274082
::1 - - [06/Dec/2018:15:55:05 +0000] "GET /phpmyadmin/tbl_structure.php?db=breakfast&table=table+2&token=e49746a1c73549f2b3d543cf082cd6c5 HTTP/1.1" 200 105378
::1 - - [06/Dec/2018:15:57:31 +0000] "GET /phpmyadmin/sql.php?db=breakfast&token=e49746a1c73549f2b3d543cf082cd6c5&table=cereal&pos=0 HTTP/1.1" 200 147907
::1 - - [06/Dec/2018:15:57:33 +0000] "GET /phpmyadmin/tbl_operations.php?db=breakfast&table=cereal&token=e49746a1c73549f2b3d543cf082cd6c5 HTTP/1.1" 200 41968
::1 - - [06/Dec/2018:15:57:39 +0000] "POST /phpmyadmin/tbl_operations.php HTTP/1.1" 200 44314
::1 - - [06/Dec/2018:15:57:39 +0000] "GET /phpmyadmin/navigation.php?db=breakfast&token=e49746a1c73549f2b3d543cf082cd6c5 HTTP/1.1" 200 5774
::1 - - [06/Dec/2018:15:57:39 +0000] "GET /phpmyadmin/navigation.php?server=1&token=e49746a1c73549f2b3d543cf082cd6c5&db=breakfast&table=cereal_bkup&lang=en&collation_connection=utf8_general_ci HTTP/1.1" 200 5796
::1 - - [06/Dec/2018:15:58:20 +0000] "GET /phpmyadmin/sql.php?db=breakfast&token=e49746a1c73549f2b3d543cf082cd6c5&table=cereal_bkup&pos=0 HTTP/1.1" 200 151362
::1 - - [06/Dec/2018:15:58:20 +0000] "GET /phpmyadmin/sql.php?db=breakfast&token=e49746a1c73549f2b3d543cf082cd6c5&table=table+2&pos=0 HTTP/1.1" 200 274082
::1 - - [06/Dec/2018:15:58:21 +0000] "GET /phpmyadmin/sql.php?db=breakfast&token=e49746a1c73549f2b3d543cf082cd6c5&table=cereal_bkup&pos=0 HTTP/1.1" 200 151362
::1 - - [06/Dec/2018:15:58:22 +0000] "GET /phpmyadmin/navigation.php?server=1&token=e49746a1c73549f2b3d543cf082cd6c5&db=dwarfs&table=cereal_bkup&lang=en&collation_connection=utf8_general_ci HTTP/1.1" 200 5780
::1 - - [06/Dec/2018:15:58:22 +0000] "GET /phpmyadmin/db_structure.php?server=1&token=e49746a1c73549f2b3d543cf082cd6c5&db=dwarfs&table=&lang=en&collation_connection=utf8_general_ci HTTP/1.1" 200 18415
::1 - - [06/Dec/2018:15:58:24 +0000] "GET /phpmyadmin/navigation.php?server=1&token=e49746a1c73549f2b3d543cf082cd6c5&db=breakfast&table=&lang=en&collation_connection=utf8_general_ci HTTP/1.1" 200 6258
::1 - - [06/Dec/2018:15:58:24 +0000] "GET /phpmyadmin/db_structure.php?server=1&token=e49746a1c73549f2b3d543cf082cd6c5&db=breakfast&table=&lang=en&collation_connection=utf8_general_ci HTTP/1.1" 200 21469
::1 - - [06/Dec/2018:15:58:25 +0000] "GET /phpmyadmin/sql.php?db=breakfast&token=e49746a1c73549f2b3d543cf082cd6c5&table=cereal&pos=0 HTTP/1.1" 200 115711
::1 - - [06/Dec/2018:15:59:52 +0000] "GET /phpmyadmin/tbl_import.php?db=breakfast&table=cereal&token=e49746a1c73549f2b3d543cf082cd6c5 HTTP/1.1" 200 20071
::1 - - [06/Dec/2018:16:00:07 +0000] "POST /phpmyadmin/import.php HTTP/1.1" 200 19729
::1 - - [06/Dec/2018:16:14:38 +0000] "GET /phpmyadmin/tbl_import.php?db=breakfast&table=cereal&token=e49746a1c73549f2b3d543cf082cd6c5 HTTP/1.1" 200 20071
